This is pdfTeX, Version 3.1415926-2.5-1.40.14 (TeX Live 2013/Debian) (format=pdflatex 2015.9.3)  17 FEB 2016 16:09
entering extended mode
 restricted \write18 enabled.
 %&-line parsing enabled.
**assignmentReport.tex
(./assignmentReport.tex
LaTeX2e <2011/06/27>
Babel <3.9h> and hyphenation patterns for 78 languages loaded.
(/usr/share/texlive/texmf-dist/tex/latex/base/article.cls
Document Class: article 2007/10/19 v1.4h Standard LaTeX document class
(/usr/share/texlive/texmf-dist/tex/latex/base/size12.clo
File: size12.clo 2007/10/19 v1.4h Standard LaTeX file (size option)
)
\c@part=\count79
\c@section=\count80
\c@subsection=\count81
\c@subsubsection=\count82
\c@paragraph=\count83
\c@subparagraph=\count84
\c@figure=\count85
\c@table=\count86
\abovecaptionskip=\skip41
\belowcaptionskip=\skip42
\bibindent=\dimen102
)
(/usr/share/texlive/texmf-dist/tex/latex/graphics/graphicx.sty
Package: graphicx 1999/02/16 v1.0f Enhanced LaTeX Graphics (DPC,SPQR)

(/usr/share/texlive/texmf-dist/tex/latex/graphics/keyval.sty
Package: keyval 1999/03/16 v1.13 key=value parser (DPC)
\KV@toks@=\toks14
)
(/usr/share/texlive/texmf-dist/tex/latex/graphics/graphics.sty
Package: graphics 2009/02/05 v1.0o Standard LaTeX Graphics (DPC,SPQR)

(/usr/share/texlive/texmf-dist/tex/latex/graphics/trig.sty
Package: trig 1999/03/16 v1.09 sin cos tan (DPC)
)
(/usr/share/texlive/texmf-dist/tex/latex/latexconfig/graphics.cfg
File: graphics.cfg 2010/04/23 v1.9 graphics configuration of TeX Live
)
Package graphics Info: Driver file: pdftex.def on input line 91.

(/usr/share/texlive/texmf-dist/tex/latex/pdftex-def/pdftex.def
File: pdftex.def 2011/05/27 v0.06d Graphics/color for pdfTeX

(/usr/share/texlive/texmf-dist/tex/generic/oberdiek/infwarerr.sty
Package: infwarerr 2010/04/08 v1.3 Providing info/warning/error messages (HO)
)
(/usr/share/texlive/texmf-dist/tex/generic/oberdiek/ltxcmds.sty
Package: ltxcmds 2011/11/09 v1.22 LaTeX kernel commands for general use (HO)
)
\Gread@gobject=\count87
))
\Gin@req@height=\dimen103
\Gin@req@width=\dimen104
)
(/usr/share/texlive/texmf-dist/tex/latex/oberdiek/epstopdf.sty
Package: epstopdf 2010/02/09 v2.5 Conversion with epstopdf on the fly (HO)

(/usr/share/texlive/texmf-dist/tex/latex/oberdiek/epstopdf-base.sty
Package: epstopdf-base 2010/02/09 v2.5 Base part for package epstopdf

(/usr/share/texlive/texmf-dist/tex/latex/oberdiek/grfext.sty
Package: grfext 2010/08/19 v1.1 Manage graphics extensions (HO)

(/usr/share/texlive/texmf-dist/tex/generic/oberdiek/kvdefinekeys.sty
Package: kvdefinekeys 2011/04/07 v1.3 Define keys (HO)
))
(/usr/share/texlive/texmf-dist/tex/latex/oberdiek/kvoptions.sty
Package: kvoptions 2011/06/30 v3.11 Key value format for package options (HO)

(/usr/share/texlive/texmf-dist/tex/generic/oberdiek/kvsetkeys.sty
Package: kvsetkeys 2012/04/25 v1.16 Key value parser (HO)

(/usr/share/texlive/texmf-dist/tex/generic/oberdiek/etexcmds.sty
Package: etexcmds 2011/02/16 v1.5 Avoid name clashes with e-TeX commands (HO)

(/usr/share/texlive/texmf-dist/tex/generic/oberdiek/ifluatex.sty
Package: ifluatex 2010/03/01 v1.3 Provides the ifluatex switch (HO)
Package ifluatex Info: LuaTeX not detected.
)
Package etexcmds Info: Could not find \expanded.
(etexcmds)             That can mean that you are not using pdfTeX 1.50 or
(etexcmds)             that some package has redefined \expanded.
(etexcmds)             In the latter case, load this package earlier.
)))
(/usr/share/texlive/texmf-dist/tex/generic/oberdiek/pdftexcmds.sty
Package: pdftexcmds 2011/11/29 v0.20 Utility functions of pdfTeX for LuaTeX (HO
)

(/usr/share/texlive/texmf-dist/tex/generic/oberdiek/ifpdf.sty
Package: ifpdf 2011/01/30 v2.3 Provides the ifpdf switch (HO)
Package ifpdf Info: pdfTeX in PDF mode is detected.
)
Package pdftexcmds Info: LuaTeX not detected.
Package pdftexcmds Info: \pdf@primitive is available.
Package pdftexcmds Info: \pdf@ifprimitive is available.
Package pdftexcmds Info: \pdfdraftmode found.
)
Package grfext Info: Graphics extension search list:
(grfext)             [.png,.pdf,.jpg,.mps,.jpeg,.jbig2,.jb2,.PNG,.PDF,.JPG,.JPE
G,.JBIG2,.JB2,.eps]
(grfext)             \AppendGraphicsExtensions on input line 452.

(/usr/share/texlive/texmf-dist/tex/latex/latexconfig/epstopdf-sys.cfg
File: epstopdf-sys.cfg 2010/07/13 v1.3 Configuration of (r)epstopdf for TeX Liv
e
)))
(/usr/share/texlive/texmf-dist/tex/latex/booktabs/booktabs.sty
Package: booktabs 2005/04/14 v1.61803 publication quality tables
\heavyrulewidth=\dimen105
\lightrulewidth=\dimen106
\cmidrulewidth=\dimen107
\belowrulesep=\dimen108
\belowbottomsep=\dimen109
\aboverulesep=\dimen110
\abovetopsep=\dimen111
\cmidrulesep=\dimen112
\cmidrulekern=\dimen113
\defaultaddspace=\dimen114
\@cmidla=\count88
\@cmidlb=\count89
\@aboverulesep=\dimen115
\@belowrulesep=\dimen116
\@thisruleclass=\count90
\@lastruleclass=\count91
\@thisrulewidth=\dimen117
)
(/usr/share/texmf/tex/latex/xcolor/xcolor.sty
Package: xcolor 2007/01/21 v2.11 LaTeX color extensions (UK)

(/usr/share/texlive/texmf-dist/tex/latex/latexconfig/color.cfg
File: color.cfg 2007/01/18 v1.5 color configuration of teTeX/TeXLive
)
Package xcolor Info: Driver file: pdftex.def on input line 225.

(/usr/share/texlive/texmf-dist/tex/latex/colortbl/colortbl.sty
Package: colortbl 2012/02/13 v1.0a Color table columns (DPC)

(/usr/share/texlive/texmf-dist/tex/latex/tools/array.sty
Package: array 2008/09/09 v2.4c Tabular extension package (FMi)
\col@sep=\dimen118
\extrarowheight=\dimen119
\NC@list=\toks15
\extratabsurround=\skip43
\backup@length=\skip44
)
\everycr=\toks16
\minrowclearance=\skip45
)
\rownum=\count92
Package xcolor Info: Model `cmy' substituted by `cmy0' on input line 1337.
Package xcolor Info: Model `hsb' substituted by `rgb' on input line 1341.
Package xcolor Info: Model `RGB' extended on input line 1353.
Package xcolor Info: Model `HTML' substituted by `rgb' on input line 1355.
Package xcolor Info: Model `Hsb' substituted by `hsb' on input line 1356.
Package xcolor Info: Model `tHsb' substituted by `hsb' on input line 1357.
Package xcolor Info: Model `HSB' substituted by `hsb' on input line 1358.
Package xcolor Info: Model `Gray' substituted by `gray' on input line 1359.
Package xcolor Info: Model `wave' substituted by `hsb' on input line 1360.
)
(/usr/share/texlive/texmf-dist/tex/latex/float/float.sty
Package: float 2001/11/08 v1.3d Float enhancements (AL)
\c@float@type=\count93
\float@exts=\toks17
\float@box=\box26
\@float@everytoks=\toks18
\@floatcapt=\box27
)
(/usr/share/texlive/texmf-dist/tex/latex/caption/caption.sty
Package: caption 2013/05/02 v3.3-89 Customizing captions (AR)

(/usr/share/texlive/texmf-dist/tex/latex/caption/caption3.sty
Package: caption3 2013/05/02 v1.6-88 caption3 kernel (AR)
Package caption3 Info: TeX engine: e-TeX on input line 57.
\captionmargin=\dimen120
\captionmargin@=\dimen121
\captionwidth=\dimen122
\caption@tempdima=\dimen123
\caption@indent=\dimen124
\caption@parindent=\dimen125
\caption@hangindent=\dimen126
)
\c@ContinuedFloat=\count94
Package caption Info: float package is loaded.
)
(/usr/share/texlive/texmf-dist/tex/latex/hyperref/hyperref.sty
Package: hyperref 2012/11/06 v6.83m Hypertext links for LaTeX

(/usr/share/texlive/texmf-dist/tex/generic/oberdiek/hobsub-hyperref.sty
Package: hobsub-hyperref 2012/05/28 v1.13 Bundle oberdiek, subset hyperref (HO)


(/usr/share/texlive/texmf-dist/tex/generic/oberdiek/hobsub-generic.sty
Package: hobsub-generic 2012/05/28 v1.13 Bundle oberdiek, subset generic (HO)
Package: hobsub 2012/05/28 v1.13 Construct package bundles (HO)
Package hobsub Info: Skipping package `infwarerr' (already loaded).
Package hobsub Info: Skipping package `ltxcmds' (already loaded).
Package hobsub Info: Skipping package `ifluatex' (already loaded).
Package: ifvtex 2010/03/01 v1.5 Detect VTeX and its facilities (HO)
Package ifvtex Info: VTeX not detected.
Package: intcalc 2007/09/27 v1.1 Expandable calculations with integers (HO)
Package hobsub Info: Skipping package `ifpdf' (already loaded).
Package hobsub Info: Skipping package `etexcmds' (already loaded).
Package hobsub Info: Skipping package `kvsetkeys' (already loaded).
Package hobsub Info: Skipping package `kvdefinekeys' (already loaded).
Package hobsub Info: Skipping package `pdftexcmds' (already loaded).
Package: pdfescape 2011/11/25 v1.13 Implements pdfTeX's escape features (HO)
Package: bigintcalc 2012/04/08 v1.3 Expandable calculations on big integers (HO
)
Package: bitset 2011/01/30 v1.1 Handle bit-vector datatype (HO)
Package: uniquecounter 2011/01/30 v1.2 Provide unlimited unique counter (HO)
)
Package hobsub Info: Skipping package `hobsub' (already loaded).
Package: letltxmacro 2010/09/02 v1.4 Let assignment for LaTeX macros (HO)
Package: hopatch 2012/05/28 v1.2 Wrapper for package hooks (HO)
Package: xcolor-patch 2011/01/30 xcolor patch
Package: atveryend 2011/06/30 v1.8 Hooks at the very end of document (HO)
Package atveryend Info: \enddocument detected (standard20110627).
Package: atbegshi 2011/10/05 v1.16 At begin shipout hook (HO)
Package: refcount 2011/10/16 v3.4 Data extraction from label references (HO)
Package: hycolor 2011/01/30 v1.7 Color options for hyperref/bookmark (HO)
)
(/usr/share/texlive/texmf-dist/tex/generic/ifxetex/ifxetex.sty
Package: ifxetex 2010/09/12 v0.6 Provides ifxetex conditional
)
(/usr/share/texlive/texmf-dist/tex/latex/oberdiek/auxhook.sty
Package: auxhook 2011/03/04 v1.3 Hooks for auxiliary files (HO)
)
\@linkdim=\dimen127
\Hy@linkcounter=\count95
\Hy@pagecounter=\count96

(/usr/share/texlive/texmf-dist/tex/latex/hyperref/pd1enc.def
File: pd1enc.def 2012/11/06 v6.83m Hyperref: PDFDocEncoding definition (HO)
)
\Hy@SavedSpaceFactor=\count97

(/usr/share/texlive/texmf-dist/tex/latex/latexconfig/hyperref.cfg
File: hyperref.cfg 2002/06/06 v1.2 hyperref configuration of TeXLive
)
Package hyperref Info: Hyper figures OFF on input line 4443.
Package hyperref Info: Link nesting OFF on input line 4448.
Package hyperref Info: Hyper index ON on input line 4451.
Package hyperref Info: Plain pages OFF on input line 4458.
Package hyperref Info: Backreferencing OFF on input line 4463.
Package hyperref Info: Implicit mode ON; LaTeX internals redefined.
Package hyperref Info: Bookmarks ON on input line 4688.
\c@Hy@tempcnt=\count98

(/usr/share/texlive/texmf-dist/tex/latex/url/url.sty
\Urlmuskip=\muskip10
Package: url 2013/09/16  ver 3.4  Verb mode for urls, etc.
)
LaTeX Info: Redefining \url on input line 5041.
\XeTeXLinkMargin=\dimen128
\Fld@menulength=\count99
\Field@Width=\dimen129
\Fld@charsize=\dimen130
Package hyperref Info: Hyper figures OFF on input line 6295.
Package hyperref Info: Link nesting OFF on input line 6300.
Package hyperref Info: Hyper index ON on input line 6303.
Package hyperref Info: backreferencing OFF on input line 6310.
Package hyperref Info: Link coloring OFF on input line 6315.
Package hyperref Info: Link coloring with OCG OFF on input line 6320.
Package hyperref Info: PDF/A mode OFF on input line 6325.
LaTeX Info: Redefining \ref on input line 6365.
LaTeX Info: Redefining \pageref on input line 6369.
\Hy@abspage=\count100
\c@Item=\count101
\c@Hfootnote=\count102
)

Package hyperref Message: Driver (autodetected): hpdftex.

(/usr/share/texlive/texmf-dist/tex/latex/hyperref/hpdftex.def
File: hpdftex.def 2012/11/06 v6.83m Hyperref driver for pdfTeX
\Fld@listcount=\count103
\c@bookmark@seq@number=\count104

(/usr/share/texlive/texmf-dist/tex/latex/oberdiek/rerunfilecheck.sty
Package: rerunfilecheck 2011/04/15 v1.7 Rerun checks for auxiliary files (HO)
Package uniquecounter Info: New unique counter `rerunfilecheck' on input line 2
82.
)
\Hy@SectionHShift=\skip46
)
(/usr/share/texlive/texmf-dist/tex/latex/adjustbox/adjustbox.sty
Package: adjustbox 2012/05/21 v1.0 Adjusting TeX boxes (trim, clip, ...)

(/usr/share/texlive/texmf-dist/tex/latex/xkeyval/xkeyval.sty
Package: xkeyval 2012/10/14 v2.6b package option processing (HA)

(/usr/share/texlive/texmf-dist/tex/generic/xkeyval/xkeyval.tex
\XKV@toks=\toks19
\XKV@tempa@toks=\toks20
\XKV@depth=\count105
File: xkeyval.tex 2012/10/14 v2.6b key=value parser (HA)
))
(/usr/share/texlive/texmf-dist/tex/latex/adjustbox/adjcalc.sty
Package: adjcalc 2012/05/16 v1.1 Provides advanced setlength with multiple back
-ends (calc, etex, pgfmath)
)
(/usr/share/texlive/texmf-dist/tex/latex/adjustbox/trimclip.sty
Package: trimclip 2012/05/16 v1.0 Trim and clip general TeX material

(/usr/share/texlive/texmf-dist/tex/latex/collectbox/collectbox.sty
Package: collectbox 2012/05/17 v0.4b Collect macro arguments as boxes
\collectedbox=\box28
)
\tc@llx=\dimen131
\tc@lly=\dimen132
\tc@urx=\dimen133
\tc@ury=\dimen134
Package trimclip Info: Using driver 'tc-pdftex.def'.

(/usr/share/texlive/texmf-dist/tex/latex/adjustbox/tc-pdftex.def
File: tc-pdftex.def 2012/05/13 v1.0 Clipping driver for pdftex
))
\adjbox@Width=\dimen135
\adjbox@Height=\dimen136
\adjbox@Depth=\dimen137
\adjbox@Totalheight=\dimen138

(/usr/share/texlive/texmf-dist/tex/latex/ifoddpage/ifoddpage.sty
Package: ifoddpage 2011/09/13 v1.0 Conditionals for odd/even page detection
\c@checkoddpage=\count106
)
(/usr/share/texlive/texmf-dist/tex/latex/varwidth/varwidth.sty
Package: varwidth 2009/03/30 ver 0.92;  Variable-width minipages
\@vwid@box=\box29
\sift@deathcycles=\count107
\@vwid@loff=\dimen139
\@vwid@roff=\dimen140
))
(/usr/share/texlive/texmf-dist/tex/latex/amsmath/amsmath.sty
Package: amsmath 2013/01/14 v2.14 AMS math features
\@mathmargin=\skip47

For additional information on amsmath, use the `?' option.
(/usr/share/texlive/texmf-dist/tex/latex/amsmath/amstext.sty
Package: amstext 2000/06/29 v2.01

(/usr/share/texlive/texmf-dist/tex/latex/amsmath/amsgen.sty
File: amsgen.sty 1999/11/30 v2.0
\@emptytoks=\toks21
\ex@=\dimen141
))
(/usr/share/texlive/texmf-dist/tex/latex/amsmath/amsbsy.sty
Package: amsbsy 1999/11/29 v1.2d
\pmbraise@=\dimen142
)
(/usr/share/texlive/texmf-dist/tex/latex/amsmath/amsopn.sty
Package: amsopn 1999/12/14 v2.01 operator names
)
\inf@bad=\count108
LaTeX Info: Redefining \frac on input line 210.
\uproot@=\count109
\leftroot@=\count110
LaTeX Info: Redefining \overline on input line 306.
\classnum@=\count111
\DOTSCASE@=\count112
LaTeX Info: Redefining \ldots on input line 378.
LaTeX Info: Redefining \dots on input line 381.
LaTeX Info: Redefining \cdots on input line 466.
\Mathstrutbox@=\box30
\strutbox@=\box31
\big@size=\dimen143
LaTeX Font Info:    Redeclaring font encoding OML on input line 566.
LaTeX Font Info:    Redeclaring font encoding OMS on input line 567.
\macc@depth=\count113
\c@MaxMatrixCols=\count114
\dotsspace@=\muskip11
\c@parentequation=\count115
\dspbrk@lvl=\count116
\tag@help=\toks22
\row@=\count117
\column@=\count118
\maxfields@=\count119
\andhelp@=\toks23
\eqnshift@=\dimen144
\alignsep@=\dimen145
\tagshift@=\dimen146
\tagwidth@=\dimen147
\totwidth@=\dimen148
\lineht@=\dimen149
\@envbody=\toks24
\multlinegap=\skip48
\multlinetaggap=\skip49
\mathdisplay@stack=\toks25
LaTeX Info: Redefining \[ on input line 2665.
LaTeX Info: Redefining \] on input line 2666.
)
(/usr/share/texlive/texmf-dist/tex/latex/listings/listings.sty
\lst@mode=\count120
\lst@gtempboxa=\box32
\lst@token=\toks26
\lst@length=\count121
\lst@currlwidth=\dimen150
\lst@column=\count122
\lst@pos=\count123
\lst@lostspace=\dimen151
\lst@width=\dimen152
\lst@newlines=\count124
\lst@lineno=\count125
\lst@maxwidth=\dimen153

(/usr/share/texlive/texmf-dist/tex/latex/listings/lstmisc.sty
File: lstmisc.sty 2013/08/26 1.5b (Carsten Heinz)
\c@lstnumber=\count126
\lst@skipnumbers=\count127
\lst@framebox=\box33
)
(/usr/share/texlive/texmf-dist/tex/latex/listings/listings.cfg
File: listings.cfg 2013/08/26 1.5b listings configuration
))
Package: listings 2013/08/26 1.5b (Carsten Heinz)

(/usr/share/texlive/texmf-dist/tex/latex/ms/ragged2e.sty
Package: ragged2e 2009/05/21 v2.1 ragged2e Package (MS)


LaTeX Warning: Command \@arrayparboxrestore  has changed.
               Check if current package is valid.

(/usr/share/texlive/texmf-dist/tex/latex/ms/everysel.sty
Package: everysel 2011/10/28 v1.2 EverySelectfont Package (MS)
)
(/usr/share/texlive/texmf-dist/tex/latex/footmisc/footmisc.sty
Package: footmisc 2011/06/06 v5.5b a miscellany of footnote facilities
\FN@temptoken=\toks27
\footnotemargin=\dimen154
\c@pp@next@reset=\count128
Package footmisc Info: Declaring symbol style bringhurst on input line 855.
Package footmisc Info: Declaring symbol style chicago on input line 863.
Package footmisc Info: Declaring symbol style wiley on input line 872.
Package footmisc Info: Declaring symbol style lamport-robust on input line 883.

Package footmisc Info: Declaring symbol style lamport* on input line 903.
Package footmisc Info: Declaring symbol style lamport*-robust on input line 924
.
)
\CenteringLeftskip=\skip50
\RaggedLeftLeftskip=\skip51
\RaggedRightLeftskip=\skip52
\CenteringRightskip=\skip53
\RaggedLeftRightskip=\skip54
\RaggedRightRightskip=\skip55
\CenteringParfillskip=\skip56
\RaggedLeftParfillskip=\skip57
\RaggedRightParfillskip=\skip58
\JustifyingParfillskip=\skip59
\CenteringParindent=\skip60
\RaggedLeftParindent=\skip61
\RaggedRightParindent=\skip62
\JustifyingParindent=\skip63
)
(/usr/share/texlive/texmf-dist/tex/latex/titling/titling.sty
Package: titling 2009/09/04 v2.1d maketitle typesetting
\thanksmarkwidth=\skip64
\thanksmargin=\skip65
\droptitle=\skip66
)
(/usr/share/texlive/texmf-dist/tex/latex/lipsum/lipsum.sty
Package: lipsum 2011/04/14 v1.2 150 paragraphs of Lorem Ipsum dummy text
\c@lips@count=\count129
)
(./assignmentReport.aux

LaTeX Warning: Label `dltmanual' multiply defined.


LaTeX Warning: Label `fig:Image 1' multiply defined.


LaTeX Warning: Label `fig:Image 2' multiply defined.


LaTeX Warning: Label `fig:Image 1' multiply defined.


LaTeX Warning: Label `fig:Image 2' multiply defined.


LaTeX Warning: Label `fig:Image 1' multiply defined.


LaTeX Warning: Label `fig:Image 2' multiply defined.


LaTeX Warning: Label `fig:Image 1' multiply defined.


LaTeX Warning: Label `fig:Image 2' multiply defined.


LaTeX Warning: Label `fig:Image 1' multiply defined.


LaTeX Warning: Label `fig:Image 2' multiply defined.


LaTeX Warning: Label `fig:Image 2' multiply defined.


LaTeX Warning: Label `fig:Image 1' multiply defined.


LaTeX Warning: Label `fig:Image 2' multiply defined.


LaTeX Warning: Label `fig:Image 1' multiply defined.


LaTeX Warning: Label `fig:Image 2' multiply defined.


LaTeX Warning: Label `fig:Image 1' multiply defined.


LaTeX Warning: Label `fig:Image 2' multiply defined.


LaTeX Warning: Label `fig:Image 1' multiply defined.


LaTeX Warning: Label `fig:Image 2' multiply defined.

)
\openout1 = `assignmentReport.aux'.

LaTeX Font Info:    Checking defaults for OML/cmm/m/it on input line 24.
LaTeX Font Info:    ... okay on input line 24.
LaTeX Font Info:    Checking defaults for T1/cmr/m/n on input line 24.
LaTeX Font Info:    ... okay on input line 24.
LaTeX Font Info:    Checking defaults for OT1/cmr/m/n on input line 24.
LaTeX Font Info:    ... okay on input line 24.
LaTeX Font Info:    Checking defaults for OMS/cmsy/m/n on input line 24.
LaTeX Font Info:    ... okay on input line 24.
LaTeX Font Info:    Checking defaults for OMX/cmex/m/n on input line 24.
LaTeX Font Info:    ... okay on input line 24.
LaTeX Font Info:    Checking defaults for U/cmr/m/n on input line 24.
LaTeX Font Info:    ... okay on input line 24.
LaTeX Font Info:    Checking defaults for PD1/pdf/m/n on input line 24.
LaTeX Font Info:    ... okay on input line 24.
 (/usr/share/texlive/texmf-dist/tex/context/base/supp-pdf.mkii
[Loading MPS to PDF converter (version 2006.09.02).]
\scratchcounter=\count130
\scratchdimen=\dimen155
\scratchbox=\box34
\nofMPsegments=\count131
\nofMParguments=\count132
\everyMPshowfont=\toks28
\MPscratchCnt=\count133
\MPscratchDim=\dimen156
\MPnumerator=\count134
\makeMPintoPDFobject=\count135
\everyMPtoPDFconversion=\toks29
)
Package caption Info: Begin \AtBeginDocument code.
Package caption Info: hyperref package is loaded.
Package caption Info: listings package is loaded.
Package caption Info: End \AtBeginDocument code.
\AtBeginShipoutBox=\box35
Package hyperref Info: Link coloring OFF on input line 24.
 (/usr/share/texlive/texmf-dist/tex/latex/hyperref/nameref.sty
Package: nameref 2012/10/27 v2.43 Cross-referencing by name of section

(/usr/share/texlive/texmf-dist/tex/generic/oberdiek/gettitlestring.sty
Package: gettitlestring 2010/12/03 v1.4 Cleanup title references (HO)
)
\c@section@level=\count136
)
LaTeX Info: Redefining \ref on input line 24.
LaTeX Info: Redefining \pageref on input line 24.
LaTeX Info: Redefining \nameref on input line 24.

(./assignmentReport.out) (./assignmentReport.out)
\@outlinefile=\write3
\openout3 = `assignmentReport.out'.

\c@lstlisting=\count137
Package ragged2e Info: ABD: executing \RaggedRight on input line 24.

ABD: EverySelectfont initializing macros
LaTeX Info: Redefining \selectfont on input line 24.

(/usr/share/texlive/texmf-dist/tex/latex/listings/lstlang1.sty
File: lstlang1.sty 2013/08/26 1.5b listings language file
) [1

{/var/lib/texmf/fonts/map/pdftex/updmap/pdftex.map}]
LaTeX Font Info:    Try loading font information for OMS+cmr on input line 52.

(/usr/share/texlive/texmf-dist/tex/latex/base/omscmr.fd
File: omscmr.fd 1999/05/25 v2.5h Standard LaTeX font definitions
)
LaTeX Font Info:    Font shape `OMS/cmr/m/n' in size <12> not available
(Font)              Font shape `OMS/cmsy/m/n' tried instead on input line 52.

Overfull \hbox (89.39917pt too wide) in paragraph at lines 52--53
[][][][][][][][][][][][][][][][][][][][][][][][][][][][][][][][] 
 []


Overfull \hbox (89.39917pt too wide) in paragraph at lines 58--59
[][][][][][][][][][][][][][][][][][][][][][][][][][][][][][][][] 
 []


Overfull \hbox (47.09924pt too wide) in paragraph at lines 69--70
[][][][][][][][][][][][][][][][][] 
 []

[2] <pt1.jpg, id=314, 3276.24pt x 1842.885pt>
File: pt1.jpg Graphic file (type jpg)
 <use pt1.jpg>
Package pdftex.def Info: pt1.jpg used on input line 91.
(pdftex.def)             Requested size: 219.51193pt x 123.47546pt.

<pt2.jpg, id=315, 3276.24pt x 1842.885pt>
File: pt2.jpg Graphic file (type jpg)
 <use pt2.jpg>
Package pdftex.def Info: pt2.jpg used on input line 97.
(pdftex.def)             Requested size: 219.51193pt x 123.47546pt.

Overfull \hbox (24.51193pt too wide) in paragraph at lines 97--98
 [][] 
 []


Overfull \hbox (39.00238pt too wide) in paragraph at lines 89--101
 []$[]$$[]$ 
 []


Package caption Warning: \label without proper \caption on input line 350.
See the caption package documentation for explanation.


LaTeX Warning: Reference `dltmanual' on page 3 undefined on input line 104.

[3 <./pt1.jpg> <./pt2.jpg>]

Package caption Warning: \label without proper \caption on input line 350.
See the caption package documentation for explanation.


LaTeX Warning: Reference `dltmanual' on page 4 undefined on input line 166.

<dltPt2manual.jpg, id=334, 963.6pt x 536.0025pt>
File: dltPt2manual.jpg Graphic file (type jpg)
 <use dltPt2manual.jpg>
Package pdftex.def Info: dltPt2manual.jpg used on input line 171.
(pdftex.def)             Requested size: 507.00119pt x 282.01894pt.

Overfull \hbox (117.00119pt too wide) in paragraph at lines 171--172
 [][] 
 []

[4] [5 <./dltPt2manual.jpg>]
Overfull \hbox (89.39917pt too wide) in paragraph at lines 194--195
[][][][][][][][][][][][][][][][][][][][][][][][][][][][][][][][] 
 []


Overfull \hbox (89.39917pt too wide) in paragraph at lines 200--201
[][][][][][][][][][][][][][][][][][][][][][][][][][][][][][][][] 
 []


Overfull \hbox (47.09924pt too wide) in paragraph at lines 210--211
[][][][][][][][][][][][][][][][][] 
 []

[6

]
LaTeX Font Info:    Try loading font information for OML+cmr on input line 223.

 (/usr/share/texlive/texmf-dist/tex/latex/base/omlcmr.fd
File: omlcmr.fd 1999/05/25 v2.5h Standard LaTeX font definitions
)
LaTeX Font Info:    Font shape `OML/cmr/m/n' in size <12> not available
(Font)              Font shape `OML/cmm/m/it' tried instead on input line 223.
 [7]
File: pt1.jpg Graphic file (type jpg)
 <use pt1.jpg>
Package pdftex.def Info: pt1.jpg used on input line 276.
(pdftex.def)             Requested size: 219.51193pt x 123.47546pt.
File: pt2.jpg Graphic file (type jpg)

<use pt2.jpg>
Package pdftex.def Info: pt2.jpg used on input line 282.
(pdftex.def)             Requested size: 219.51193pt x 123.47546pt.

Overfull \hbox (24.51193pt too wide) in paragraph at lines 282--283
 [][] 
 []


Overfull \hbox (39.00238pt too wide) in paragraph at lines 274--286
 []$[]$$[]$ 
 []

[8]

Package caption Warning: \label without proper \caption on input line 350.
See the caption package documentation for explanation.


LaTeX Warning: Reference `dltmanual' on page 9 undefined on input line 338.


Package caption Warning: \label without proper \caption on input line 764.
See the caption package documentation for explanation.


LaTeX Warning: Reference `sift' on page 9 undefined on input line 341.

File: dltPt2manual.jpg Graphic file (type jpg)
<use dltPt2manual.jpg>
Package pdftex.def Info: dltPt2manual.jpg used on input line 349.
(pdftex.def)             Requested size: 507.00119pt x 282.01894pt.

Overfull \hbox (117.00119pt too wide) in paragraph at lines 349--351
[][] 
 []

<siftPt.jpg, id=448, 963.6pt x 536.0025pt>
File: siftPt.jpg Graphic file (type jpg)
 <use siftPt.jpg>
Package pdftex.def Info: siftPt.jpg used on input line 356.
(pdftex.def)             Requested size: 390.0pt x 216.9326pt.


LaTeX Warning: Float too large for page by 14.9515pt on input line 361.

[9

] [10 <./siftPt.jpg>] [11

]
Overfull \hbox (96.44916pt too wide) in paragraph at lines 419--420
[][][][][][][][][][][][][][][][][][] 
 []


Overfull \hbox (96.44916pt too wide) in paragraph at lines 433--434
[][][][][][][][][][][][][][][][][] 
 []

[12]
Overfull \hbox (61.19922pt too wide) in paragraph at lines 446--447
[][][][][][][][][][][][][][][][][][][][] 
 []

File: pt1.jpg Graphic file (type jpg)
<use pt1.jpg>
Package pdftex.def Info: pt1.jpg used on input line 459.
(pdftex.def)             Requested size: 219.51193pt x 123.47546pt.
File: pt2.jpg Graphic file (type jpg)
 <use pt2.jpg>
Package pdftex.def Info: pt2.jpg used on input line 466.
(pdftex.def)             Requested size: 219.51193pt x 123.47546pt.

Overfull \hbox (24.51193pt too wide) in paragraph at lines 466--467
 [][] 
 []

[13] <ransacPtmanual.jpg, id=544, 963.6pt x 536.0025pt>
File: ransacPtmanual.jpg Graphic file (type jpg)

<use ransacPtmanual.jpg>
Package pdftex.def Info: ransacPtmanual.jpg used on input line 523.
(pdftex.def)             Requested size: 507.00119pt x 282.01894pt.

Overfull \hbox (117.00119pt too wide) in paragraph at lines 523--524
[][]  
 []

[14

] [15 <./ransacPtmanual.jpg>]
Overfull \hbox (32.99927pt too wide) in paragraph at lines 556--557
[][][][][][][][][][][][][][][][][][][][][][][][][][][][][][][][][][] 
 []


Overfull \hbox (96.44916pt too wide) in paragraph at lines 558--560
[][][][][][][][][][][][][][][][][] 
 []


Overfull \hbox (61.19922pt too wide) in paragraph at lines 564--565
[][][][][][][][][][][][][][][][][][][][] 
 []

[16

]
Overfull \hbox (40.04926pt too wide) in paragraph at lines 587--588
[][][][][][][][][][][][][][][][][][][][][][] 
 []


Overfull \hbox (96.44916pt too wide) in paragraph at lines 595--596
[][][][][][][][][][][][][][][][][][] 
 []

LaTeX Font Info:    Font shape `OMS/cmr/m/it' in size <12> not available
(Font)              Font shape `OMS/cmsy/m/n' tried instead on input line 598.
[17]
Overfull \hbox (18.89929pt too wide) in paragraph at lines 604--605
[][][][][][][][][][][][][][][] 
 []


Overfull \hbox (4.79932pt too wide) in paragraph at lines 606--607
[][][][][][][][][][][][][][][][][][][][][][] 
 []


Overfull \hbox (96.44916pt too wide) in paragraph at lines 617--618
[][][][][][][][][][][][][][][][][] 
 []

[18]
Overfull \hbox (89.39917pt too wide) in paragraph at lines 646--647
[][][][][][][][][][][][][][][][][][][] 
 []


Overfull \hbox (89.39917pt too wide) in paragraph at lines 648--649
[][][][][][][][][][][][][][][][][][][] 
 []

[19]
File: pt1.jpg Graphic file (type jpg)
 <use pt1.jpg>
Package pdftex.def Info: pt1.jpg used on input line 698.
(pdftex.def)             Requested size: 219.51193pt x 123.47546pt.
File: pt2.jpg Graphic file (type jpg)
 <use pt2.jpg>
Package pdftex.def Info: pt2.jpg used on input line 704.
(pdftex.def)             Requested size: 219.51193pt x 123.47546pt.

Overfull \hbox (24.51193pt too wide) in paragraph at lines 704--705
 [][] 
 []


Overfull \hbox (39.00238pt too wide) in paragraph at lines 696--708
 []$[]$$[]$ 
 []

[20]

Package caption Warning: \label without proper \caption on input line 764.
See the caption package documentation for explanation.


LaTeX Warning: Reference `sift' on page 21 undefined on input line 760.


Package caption Warning: \label without proper \caption on input line 771.
See the caption package documentation for explanation.


LaTeX Warning: Reference `ransacsift' on page 21 undefined on input line 760.

File: siftPt.jpg Graphic file (type jpg)
<use siftPt.jpg>
Package pdftex.def Info: siftPt.jpg used on input line 763.
(pdftex.def)             Requested size: 390.0pt x 216.9326pt.
 <ransacPtsift.jpg, id=716, 963.6pt x 536.0025pt>
File: ransacPtsift.jpg Graphic file (type jpg)

<use ransacPtsift.jpg>
Package pdftex.def Info: ransacPtsift.jpg used on input line 770.
(pdftex.def)             Requested size: 390.0pt x 216.9326pt.
 [21

] [22 <./ransacPtsift.jpg>]
Overfull \hbox (2.18481pt too wide) in paragraph at lines 780--781
\OT1/cmr/m/n/12 pho-to-graphic im-ages with over-lap-ping fields of view to pro
-duce a seg-mented 
 []


Overfull \hbox (32.99927pt too wide) in paragraph at lines 797--799
[][][][][][][][][][][][][][][][][][][][][][][][][][][][][][][][][][] 
 []

[23

]
Overfull \hbox (32.99927pt too wide) in paragraph at lines 827--829
[][][][][][][][][][][][][][][][][][][][][][][][][][][][][][][][][][] 
 []


Overfull \hbox (89.39917pt too wide) in paragraph at lines 835--836
[][][][][][][][][][][][][][][][][][][][][][][][][] 
 []


Overfull \hbox (40.04926pt too wide) in paragraph at lines 836--837
[][][][][][][][][][][][][][][][][][] 
 []


Overfull \hbox (40.04926pt too wide) in paragraph at lines 837--839
[][][][][][][][][][][][][][][][][][] 
 []


Overfull \hbox (18.89929pt too wide) in paragraph at lines 839--840
[][][][][][][][][][][][][][][][][][][] 
 []


Overfull \hbox (68.2492pt too wide) in paragraph at lines 840--841
[][][][][][][][][][][][][][][][][][][] 
 []

[24]
Overfull \hbox (54.14923pt too wide) in paragraph at lines 866--868
[][][][][][][][][][][][][][][][][][][][][][][][][][][][][][][][][][] 
 []


Overfull \hbox (54.14923pt too wide) in paragraph at lines 877--878
[][][][][][][][][][][][][][][][][][][] 
 []

[25]
File: pt1.jpg Graphic file (type jpg)
 <use pt1.jpg>
Package pdftex.def Info: pt1.jpg used on input line 891.
(pdftex.def)             Requested size: 219.51193pt x 123.47546pt.
File: pt2.jpg Graphic file (type jpg)
 <use pt2.jpg>
Package pdftex.def Info: pt2.jpg used on input line 897.
(pdftex.def)             Requested size: 219.51193pt x 123.47546pt.

Overfull \hbox (24.51193pt too wide) in paragraph at lines 897--898
 [][] 
 []


Overfull \hbox (39.00238pt too wide) in paragraph at lines 889--901
 []$[]$$[]$ 
 []

<pt3.jpg, id=838, 3276.24pt x 1842.885pt>
File: pt3.jpg Graphic file (type jpg)
 <use pt3.jpg>
Package pdftex.def Info: pt3.jpg used on input line 905.
(pdftex.def)             Requested size: 222.30286pt x 125.02206pt.
 [26 <./pt3.jpg>]
<test5.jpg, id=848, 975.645pt x 650.43pt>
File: test5.jpg Graphic file (type jpg)
 <use test5.jpg>
Package pdftex.def Info: test5.jpg used on input line 915.
(pdftex.def)             Requested size: 195.12553pt x 130.0837pt.

<test6.jpg, id=849, 975.645pt x 650.43pt>
File: test6.jpg Graphic file (type jpg)
 <use test6.jpg>
Package pdftex.def Info: test6.jpg used on input line 921.
(pdftex.def)             Requested size: 195.12553pt x 130.0837pt.

Overfull \hbox (39.00238pt too wide) in paragraph at lines 913--925
 []$[]$$[]$ 
 []

<test7.jpg, id=850, 975.645pt x 650.43pt>
File: test7.jpg Graphic file (type jpg)
 <use test7.jpg>
Package pdftex.def Info: test7.jpg used on input line 929.
(pdftex.def)             Requested size: 195.0pt x 129.99437pt.
 [27

 <./test5.jpg> <./test6.jpg> <./test7.jpg>] <stitch1.jpg, id=857, 1160.335pt x 
633.36626pt>
File: stitch1.jpg Graphic file (type jpg)

<use stitch1.jpg>
Package pdftex.def Info: stitch1.jpg used on input line 942.
(pdftex.def)             Requested size: 116.0403pt x 63.34033pt.
 <stitch2.jpg, id=858, 1140.26pt x 585.18625pt>
File: stitch2.jpg Graphic file (type jpg)

<use stitch2.jpg>
Package pdftex.def Info: stitch2.jpg used on input line 948.
(pdftex.def)             Requested size: 114.03267pt x 58.52205pt.
 <stitch3.jpg, id=859, 911.405pt x 471.7625pt>
File: stitch3.jpg Graphic file (type jpg)

<use stitch3.jpg>
Package pdftex.def Info: stitch3.jpg used on input line 954.
(pdftex.def)             Requested size: 127.59583pt x 66.0463pt.

Overfull \hbox (10.59464pt too wide) in paragraph at lines 954--955
 [][] 
 []

<imageStitching2.jpg, id=860, 1199.48125pt x 623.32875pt>
File: imageStitching2.jpg Graphic file (type jpg)

<use imageStitching2.jpg>
Package pdftex.def Info: imageStitching2.jpg used on input line 964.
(pdftex.def)             Requested size: 390.0pt x 202.66504pt.
 <imageSticthing1.jpg, id=861, 989.6975pt x 441.65pt>
File: imageSticthing1.jpg Graphic file (type jpg)

<use imageSticthing1.jpg>
Package pdftex.def Info: imageSticthing1.jpg used on input line 972.
(pdftex.def)             Requested size: 390.0pt x 174.03539pt.
 [28

 <./stitch1.jpg> <./stitch2.jpg> <./stitch3.jpg> <./imageStitching2.jpg>] [29 <
./imageSticthing1.jpg>]
Overfull \hbox (61.19922pt too wide) in paragraph at lines 995--997
[][][][][][][][][][][][][][][][][][][][][][][][][][][][][][][][][][][] 
 []


Overfull \hbox (61.19922pt too wide) in paragraph at lines 1010--1011
[][][][][][][][][][][][][][][][][][][][][][][][][][][][][][][][][][][] 
 []

[30

]
Overfull \hbox (32.99927pt too wide) in paragraph at lines 1015--1016
[][][][][][][][][][][][][][][][][][][][][][][] 
 []


Overfull \hbox (82.34918pt too wide) in paragraph at lines 1025--1026
[][][][][][][][][][][][][][][][][][][][][][][][][][][][][][][][][][][] 
 []


Overfull \hbox (75.2992pt too wide) in paragraph at lines 1043--1044
[][][][][][][][][][][][][][][][][][][][][][] 
 []


Overfull \hbox (75.2992pt too wide) in paragraph at lines 1044--1045
[][][][][][][][][][][][][][][][][][][][][][] 
 []


Overfull \hbox (32.99927pt too wide) in paragraph at lines 1045--1046
[][][][][][][][][][][][][][][][][][][][] 
 []


Overfull \hbox (54.14923pt too wide) in paragraph at lines 1047--1048
[][][][][][][][][][][][][][][][][][][][] 
 []

<planar1.jpg, id=908, 1842.885pt x 3276.24pt>
File: planar1.jpg Graphic file (type jpg)
 <use planar1.jpg>
Package pdftex.def Info: planar1.jpg used on input line 1058.
(pdftex.def)             Requested size: 129.01512pt x 229.36023pt.

<planar2.jpg, id=909, 1842.885pt x 3276.24pt>
File: planar2.jpg Graphic file (type jpg)
 <use planar2.jpg>
Package pdftex.def Info: planar2.jpg used on input line 1064.
(pdftex.def)             Requested size: 129.01512pt x 229.36023pt.

Overfull \hbox (77.99881pt too wide) in paragraph at lines 1056--1068
 []$[]$$[]$ 
 []

[31] <planar3.jpg, id=952, 1842.885pt x 3276.24pt>
File: planar3.jpg Graphic file (type jpg)
 <use planar3.jpg>
Package pdftex.def Info: planar3.jpg used on input line 1072.
(pdftex.def)             Requested size: 117.00119pt x 207.96394pt.

<planarstitch.jpg, id=953, 573.14125pt x 640.3925pt>
File: planarstitch.jpg Graphic file (type jpg)
 <use planarstitch.jpg>
Package pdftex.def Info: planarstitch.jpg used on input line 1082.
(pdftex.def)             Requested size: 272.99881pt x 305.03972pt.

[32 <./planar1.jpg> <./planar2.jpg>] [33 <./planar3.jpg>] [34 <./planarstitch.j
pg>] [35

]
Overfull \hbox (32.99927pt too wide) in paragraph at lines 1117--1118
[][][][][][][][][][][][][][][][][][] 
 []


Overfull \hbox (32.99927pt too wide) in paragraph at lines 1118--1119
[][][][][][][][][][][][][][][][][][] 
 []


Overfull \hbox (61.19922pt too wide) in paragraph at lines 1121--1122
[][][][][][][][][][][][][][][][][][][] 
 []

<cal1.jpg, id=999, 1842.885pt x 3276.24pt>
File: cal1.jpg Graphic file (type jpg)
 <use cal1.jpg>
Package pdftex.def Info: cal1.jpg used on input line 1136.
(pdftex.def)             Requested size: 129.01512pt x 229.36023pt.

<cal2.jpg, id=1000, 1842.885pt x 3276.24pt>
File: cal2.jpg Graphic file (type jpg)
 <use cal2.jpg>
Package pdftex.def Info: cal2.jpg used on input line 1142.
(pdftex.def)             Requested size: 129.01512pt x 229.36023pt.

Overfull \hbox (77.99881pt too wide) in paragraph at lines 1134--1146
 []$[]$$[]$ 
 []

<distortionCorrect.jpg, id=1001, 526.96875pt x 884.30376pt>
File: distortionCorrect.jpg Graphic file (type jpg)

<use distortionCorrect.jpg>
Package pdftex.def Info: distortionCorrect.jpg used on input line 1152.
(pdftex.def)             Requested size: 234.00238pt x 392.6841pt.
 [36 <./cal1.jpg> <./cal2.jpg>] [37 <./distortionCorrect.jpg>] [38

]
Overfull \hbox (82.34918pt too wide) in paragraph at lines 1209--1210
[][][][][][][][][][][][][][][][][][][][][][][][][][][][][] 
 []


Overfull \hbox (82.34918pt too wide) in paragraph at lines 1211--1212
[][][][][][][][][][][][][][][][][][][][][][][][][][][][][] 
 []


Overfull \hbox (82.34918pt too wide) in paragraph at lines 1213--1214
[][][][][][][][][][][][][][][][][][][][][][][][][][][][][] 
 []

[39]
Overfull \hbox (61.19922pt too wide) in paragraph at lines 1235--1236
[][][][][][][][][][][][][][][][][][][] 
 []


Overfull \hbox (61.19922pt too wide) in paragraph at lines 1236--1238
[][][][][][][][][][][][][][][][][][][] 
 []


Overfull \hbox (89.39917pt too wide) in paragraph at lines 1240--1241
[][][][][][][][][][][][][][][][][][][][] 
 []


Overfull \hbox (4.79932pt too wide) in paragraph at lines 1247--1249
[][][][][][][][][][][][][][][][][][][][][][][] 
 []

<swimming.jpg, id=1105, 501.875pt x 376.40625pt>
File: swimming.jpg Graphic file (type jpg)
 <use swimming.jpg>
Package pdftex.def Info: swimming.jpg used on input line 1260.
(pdftex.def)             Requested size: 225.84166pt x 169.38124pt.

<field.jpg, id=1106, 975.645pt x 650.43pt>
File: field.jpg Graphic file (type jpg)
 <use field.jpg>
Package pdftex.def Info: field.jpg used on input line 1266.
(pdftex.def)             Requested size: 243.91064pt x 162.6071pt.

Overfull \hbox (48.91064pt too wide) in paragraph at lines 1266--1267
 [][] 
 []


Overfull \hbox (39.00238pt too wide) in paragraph at lines 1258--1270
 []$[]$$[]$ 
 []

<tabletennis.jpg, id=1107, 513.92pt x 289.08pt>
File: tabletennis.jpg Graphic file (type jpg)
 <use tabletennis.jpg>
Package pdftex.def Info: tabletennis.jpg used on input line 1277.
(pdftex.def)             Requested size: 231.26186pt x 130.0848pt.

<cocacola.jpg, id=1108, 425.59pt x 119.44624pt>
File: cocacola.jpg Graphic file (type jpg)
 <use cocacola.jpg>
Package pdftex.def Info: cocacola.jpg used on input line 1283.
(pdftex.def)             Requested size: 191.51372pt x 53.7503pt.

Overfull \hbox (39.00238pt too wide) in paragraph at lines 1275--1287
 []$[]$$[]$ 
 []


LaTeX Warning: `h' float specifier changed to `ht'.

[40 <./swimming.jpg> <./field.jpg>] [41 <./tabletennis.jpg> <./cocacola.jpg>]
<overlayField.jpg, id=1137, 794.97pt x 508.90125pt>
File: overlayField.jpg Graphic file (type jpg)
 <use overlayField.jpg>
Package pdftex.def Info: overlayField.jpg used on input line 1299.
(pdftex.def)             Requested size: 390.0pt x 249.66664pt.

<overlayPool.jpg, id=1138, 646.415pt x 451.6875pt>
File: overlayPool.jpg Graphic file (type jpg)
 <use overlayPool.jpg>
Package pdftex.def Info: overlayPool.jpg used on input line 1304.
(pdftex.def)             Requested size: 390.0pt x 272.51707pt.

<overlayTable.jpg, id=1139, 658.46pt x 364.36125pt>
File: overlayTable.jpg Graphic file (type jpg)
 <use overlayTable.jpg>
Package pdftex.def Info: overlayTable.jpg used on input line 1309.
(pdftex.def)             Requested size: 390.0pt x 215.81078pt.

[42

 <./overlayField.jpg>] [43 <./overlayPool.jpg> <./overlayTable.jpg>]
Package atveryend Info: Empty hook `BeforeClearDocument' on input line 1315.
Package atveryend Info: Empty hook `AfterLastShipout' on input line 1315.

(./assignmentReport.aux)
Package atveryend Info: Executing hook `AtVeryEndDocument' on input line 1315.
Package atveryend Info: Executing hook `AtEndAfterFileList' on input line 1315.

Package rerunfilecheck Info: File `assignmentReport.out' has not changed.
(rerunfilecheck)             Checksum: 5FC0B33C8DDA5AF53A16F14D17025ED0;4073.


LaTeX Warning: There were undefined references.


LaTeX Warning: There were multiply-defined labels.

Package atveryend Info: Empty hook `AtVeryVeryEnd' on input line 1315.
 ) 
Here is how much of TeX's memory you used:
 11421 strings out of 493304
 168467 string characters out of 6139872
 385418 words of memory out of 5000000
 13925 multiletter control sequences out of 15000+600000
 9214 words of font info for 33 fonts, out of 8000000 for 9000
 957 hyphenation exceptions out of 8191
 42i,10n,75p,473b,2277s stack positions out of 5000i,500n,10000p,200000b,80000s
</usr/share/texlive/texmf-dist/fonts/type1/public/amsfonts/cm/cmbx12.pfb></us
r/share/texlive/texmf-dist/fonts/type1/public/amsfonts/cm/cmmi12.pfb></usr/shar
e/texlive/texmf-dist/fonts/type1/public/amsfonts/cm/cmr12.pfb></usr/share/texli
ve/texmf-dist/fonts/type1/public/amsfonts/cm/cmr17.pfb></usr/share/texlive/texm
f-dist/fonts/type1/public/amsfonts/cm/cmsy10.pfb></usr/share/texlive/texmf-dist
/fonts/type1/public/amsfonts/cm/cmti12.pfb>
Output written on assignmentReport.pdf (43 pages, 12038387 bytes).
PDF statistics:
 1336 PDF objects out of 1440 (max. 8388607)
 1243 compressed objects within 13 object streams
 773 named destinations out of 1000 (max. 500000)
 642 words of extra memory for PDF output out of 10000 (max. 10000000)

