\BOOKMARK [1][-]{section.1}{Introduction}{}% 1
\BOOKMARK [1][-]{section.2}{Conversion of a Video to Images}{}% 2
\BOOKMARK [2][-]{subsection.2.1}{Code}{section.2}% 3
\BOOKMARK [2][-]{subsection.2.2}{Input}{section.2}% 4
\BOOKMARK [2][-]{subsection.2.3}{Output}{section.2}% 5
\BOOKMARK [1][-]{section.3}{Video Creation by Merging Images}{}% 6
\BOOKMARK [2][-]{subsection.3.1}{Code}{section.3}% 7
\BOOKMARK [2][-]{subsection.3.2}{Input}{section.3}% 8
\BOOKMARK [2][-]{subsection.3.3}{Output}{section.3}% 9
\BOOKMARK [1][-]{section.4}{Capturing Images from Webcam video}{}% 10
\BOOKMARK [2][-]{subsection.4.1}{Code}{section.4}% 11
\BOOKMARK [2][-]{subsection.4.2}{Input}{section.4}% 12
\BOOKMARK [2][-]{subsection.4.3}{Output}{section.4}% 13
\BOOKMARK [1][-]{section.5}{Chroma Keying}{}% 14
\BOOKMARK [2][-]{subsection.5.1}{Procedure}{section.5}% 15
\BOOKMARK [2][-]{subsection.5.2}{Code}{section.5}% 16
\BOOKMARK [2][-]{subsection.5.3}{Input}{section.5}% 17
\BOOKMARK [3][-]{subsubsection.5.3.1}{Foreground Video Frames}{subsection.5.3}% 18
\BOOKMARK [3][-]{subsubsection.5.3.2}{Background Video Frames}{subsection.5.3}% 19
\BOOKMARK [2][-]{subsection.5.4}{Output}{section.5}% 20
