This is pdfTeX, Version 3.1415926-2.5-1.40.14 (TeX Live 2013/Debian) (format=pdflatex 2015.9.3)  12 JAN 2016 16:13
entering extended mode
 restricted \write18 enabled.
 %&-line parsing enabled.
**assignmentReport2.tex
(./assignmentReport2.tex
LaTeX2e <2011/06/27>
Babel <3.9h> and hyphenation patterns for 78 languages loaded.
(/usr/share/texlive/texmf-dist/tex/latex/base/article.cls
Document Class: article 2007/10/19 v1.4h Standard LaTeX document class
(/usr/share/texlive/texmf-dist/tex/latex/base/size12.clo
File: size12.clo 2007/10/19 v1.4h Standard LaTeX file (size option)
)
\c@part=\count79
\c@section=\count80
\c@subsection=\count81
\c@subsubsection=\count82
\c@paragraph=\count83
\c@subparagraph=\count84
\c@figure=\count85
\c@table=\count86
\abovecaptionskip=\skip41
\belowcaptionskip=\skip42
\bibindent=\dimen102
)
(/usr/share/texlive/texmf-dist/tex/latex/graphics/graphicx.sty
Package: graphicx 1999/02/16 v1.0f Enhanced LaTeX Graphics (DPC,SPQR)

(/usr/share/texlive/texmf-dist/tex/latex/graphics/keyval.sty
Package: keyval 1999/03/16 v1.13 key=value parser (DPC)
\KV@toks@=\toks14
)
(/usr/share/texlive/texmf-dist/tex/latex/graphics/graphics.sty
Package: graphics 2009/02/05 v1.0o Standard LaTeX Graphics (DPC,SPQR)

(/usr/share/texlive/texmf-dist/tex/latex/graphics/trig.sty
Package: trig 1999/03/16 v1.09 sin cos tan (DPC)
)
(/usr/share/texlive/texmf-dist/tex/latex/latexconfig/graphics.cfg
File: graphics.cfg 2010/04/23 v1.9 graphics configuration of TeX Live
)
Package graphics Info: Driver file: pdftex.def on input line 91.

(/usr/share/texlive/texmf-dist/tex/latex/pdftex-def/pdftex.def
File: pdftex.def 2011/05/27 v0.06d Graphics/color for pdfTeX

(/usr/share/texlive/texmf-dist/tex/generic/oberdiek/infwarerr.sty
Package: infwarerr 2010/04/08 v1.3 Providing info/warning/error messages (HO)
)
(/usr/share/texlive/texmf-dist/tex/generic/oberdiek/ltxcmds.sty
Package: ltxcmds 2011/11/09 v1.22 LaTeX kernel commands for general use (HO)
)
\Gread@gobject=\count87
))
\Gin@req@height=\dimen103
\Gin@req@width=\dimen104
)
(/usr/share/texlive/texmf-dist/tex/latex/oberdiek/epstopdf.sty
Package: epstopdf 2010/02/09 v2.5 Conversion with epstopdf on the fly (HO)

(/usr/share/texlive/texmf-dist/tex/latex/oberdiek/epstopdf-base.sty
Package: epstopdf-base 2010/02/09 v2.5 Base part for package epstopdf

(/usr/share/texlive/texmf-dist/tex/latex/oberdiek/grfext.sty
Package: grfext 2010/08/19 v1.1 Manage graphics extensions (HO)

(/usr/share/texlive/texmf-dist/tex/generic/oberdiek/kvdefinekeys.sty
Package: kvdefinekeys 2011/04/07 v1.3 Define keys (HO)
))
(/usr/share/texlive/texmf-dist/tex/latex/oberdiek/kvoptions.sty
Package: kvoptions 2011/06/30 v3.11 Key value format for package options (HO)

(/usr/share/texlive/texmf-dist/tex/generic/oberdiek/kvsetkeys.sty
Package: kvsetkeys 2012/04/25 v1.16 Key value parser (HO)

(/usr/share/texlive/texmf-dist/tex/generic/oberdiek/etexcmds.sty
Package: etexcmds 2011/02/16 v1.5 Avoid name clashes with e-TeX commands (HO)

(/usr/share/texlive/texmf-dist/tex/generic/oberdiek/ifluatex.sty
Package: ifluatex 2010/03/01 v1.3 Provides the ifluatex switch (HO)
Package ifluatex Info: LuaTeX not detected.
)
Package etexcmds Info: Could not find \expanded.
(etexcmds)             That can mean that you are not using pdfTeX 1.50 or
(etexcmds)             that some package has redefined \expanded.
(etexcmds)             In the latter case, load this package earlier.
)))
(/usr/share/texlive/texmf-dist/tex/generic/oberdiek/pdftexcmds.sty
Package: pdftexcmds 2011/11/29 v0.20 Utility functions of pdfTeX for LuaTeX (HO
)

(/usr/share/texlive/texmf-dist/tex/generic/oberdiek/ifpdf.sty
Package: ifpdf 2011/01/30 v2.3 Provides the ifpdf switch (HO)
Package ifpdf Info: pdfTeX in PDF mode is detected.
)
Package pdftexcmds Info: LuaTeX not detected.
Package pdftexcmds Info: \pdf@primitive is available.
Package pdftexcmds Info: \pdf@ifprimitive is available.
Package pdftexcmds Info: \pdfdraftmode found.
)
Package grfext Info: Graphics extension search list:
(grfext)             [.png,.pdf,.jpg,.mps,.jpeg,.jbig2,.jb2,.PNG,.PDF,.JPG,.JPE
G,.JBIG2,.JB2,.eps]
(grfext)             \AppendGraphicsExtensions on input line 452.

(/usr/share/texlive/texmf-dist/tex/latex/latexconfig/epstopdf-sys.cfg
File: epstopdf-sys.cfg 2010/07/13 v1.3 Configuration of (r)epstopdf for TeX Liv
e
)))
(/usr/share/texlive/texmf-dist/tex/latex/booktabs/booktabs.sty
Package: booktabs 2005/04/14 v1.61803 publication quality tables
\heavyrulewidth=\dimen105
\lightrulewidth=\dimen106
\cmidrulewidth=\dimen107
\belowrulesep=\dimen108
\belowbottomsep=\dimen109
\aboverulesep=\dimen110
\abovetopsep=\dimen111
\cmidrulesep=\dimen112
\cmidrulekern=\dimen113
\defaultaddspace=\dimen114
\@cmidla=\count88
\@cmidlb=\count89
\@aboverulesep=\dimen115
\@belowrulesep=\dimen116
\@thisruleclass=\count90
\@lastruleclass=\count91
\@thisrulewidth=\dimen117
)
(/usr/share/texmf/tex/latex/xcolor/xcolor.sty
Package: xcolor 2007/01/21 v2.11 LaTeX color extensions (UK)

(/usr/share/texlive/texmf-dist/tex/latex/latexconfig/color.cfg
File: color.cfg 2007/01/18 v1.5 color configuration of teTeX/TeXLive
)
Package xcolor Info: Driver file: pdftex.def on input line 225.

(/usr/share/texlive/texmf-dist/tex/latex/colortbl/colortbl.sty
Package: colortbl 2012/02/13 v1.0a Color table columns (DPC)

(/usr/share/texlive/texmf-dist/tex/latex/tools/array.sty
Package: array 2008/09/09 v2.4c Tabular extension package (FMi)
\col@sep=\dimen118
\extrarowheight=\dimen119
\NC@list=\toks15
\extratabsurround=\skip43
\backup@length=\skip44
)
\everycr=\toks16
\minrowclearance=\skip45
)
\rownum=\count92
Package xcolor Info: Model `cmy' substituted by `cmy0' on input line 1337.
Package xcolor Info: Model `hsb' substituted by `rgb' on input line 1341.
Package xcolor Info: Model `RGB' extended on input line 1353.
Package xcolor Info: Model `HTML' substituted by `rgb' on input line 1355.
Package xcolor Info: Model `Hsb' substituted by `hsb' on input line 1356.
Package xcolor Info: Model `tHsb' substituted by `hsb' on input line 1357.
Package xcolor Info: Model `HSB' substituted by `hsb' on input line 1358.
Package xcolor Info: Model `Gray' substituted by `gray' on input line 1359.
Package xcolor Info: Model `wave' substituted by `hsb' on input line 1360.
)
(/usr/share/texlive/texmf-dist/tex/latex/float/float.sty
Package: float 2001/11/08 v1.3d Float enhancements (AL)
\c@float@type=\count93
\float@exts=\toks17
\float@box=\box26
\@float@everytoks=\toks18
\@floatcapt=\box27
)
(/usr/share/texlive/texmf-dist/tex/latex/caption/caption.sty
Package: caption 2013/05/02 v3.3-89 Customizing captions (AR)

(/usr/share/texlive/texmf-dist/tex/latex/caption/caption3.sty
Package: caption3 2013/05/02 v1.6-88 caption3 kernel (AR)
Package caption3 Info: TeX engine: e-TeX on input line 57.
\captionmargin=\dimen120
\captionmargin@=\dimen121
\captionwidth=\dimen122
\caption@tempdima=\dimen123
\caption@indent=\dimen124
\caption@parindent=\dimen125
\caption@hangindent=\dimen126
)
\c@ContinuedFloat=\count94
Package caption Info: float package is loaded.
)
(/usr/share/texlive/texmf-dist/tex/latex/hyperref/hyperref.sty
Package: hyperref 2012/11/06 v6.83m Hypertext links for LaTeX

(/usr/share/texlive/texmf-dist/tex/generic/oberdiek/hobsub-hyperref.sty
Package: hobsub-hyperref 2012/05/28 v1.13 Bundle oberdiek, subset hyperref (HO)


(/usr/share/texlive/texmf-dist/tex/generic/oberdiek/hobsub-generic.sty
Package: hobsub-generic 2012/05/28 v1.13 Bundle oberdiek, subset generic (HO)
Package: hobsub 2012/05/28 v1.13 Construct package bundles (HO)
Package hobsub Info: Skipping package `infwarerr' (already loaded).
Package hobsub Info: Skipping package `ltxcmds' (already loaded).
Package hobsub Info: Skipping package `ifluatex' (already loaded).
Package: ifvtex 2010/03/01 v1.5 Detect VTeX and its facilities (HO)
Package ifvtex Info: VTeX not detected.
Package: intcalc 2007/09/27 v1.1 Expandable calculations with integers (HO)
Package hobsub Info: Skipping package `ifpdf' (already loaded).
Package hobsub Info: Skipping package `etexcmds' (already loaded).
Package hobsub Info: Skipping package `kvsetkeys' (already loaded).
Package hobsub Info: Skipping package `kvdefinekeys' (already loaded).
Package hobsub Info: Skipping package `pdftexcmds' (already loaded).
Package: pdfescape 2011/11/25 v1.13 Implements pdfTeX's escape features (HO)
Package: bigintcalc 2012/04/08 v1.3 Expandable calculations on big integers (HO
)
Package: bitset 2011/01/30 v1.1 Handle bit-vector datatype (HO)
Package: uniquecounter 2011/01/30 v1.2 Provide unlimited unique counter (HO)
)
Package hobsub Info: Skipping package `hobsub' (already loaded).
Package: letltxmacro 2010/09/02 v1.4 Let assignment for LaTeX macros (HO)
Package: hopatch 2012/05/28 v1.2 Wrapper for package hooks (HO)
Package: xcolor-patch 2011/01/30 xcolor patch
Package: atveryend 2011/06/30 v1.8 Hooks at the very end of document (HO)
Package atveryend Info: \enddocument detected (standard20110627).
Package: atbegshi 2011/10/05 v1.16 At begin shipout hook (HO)
Package: refcount 2011/10/16 v3.4 Data extraction from label references (HO)
Package: hycolor 2011/01/30 v1.7 Color options for hyperref/bookmark (HO)
)
(/usr/share/texlive/texmf-dist/tex/generic/ifxetex/ifxetex.sty
Package: ifxetex 2010/09/12 v0.6 Provides ifxetex conditional
)
(/usr/share/texlive/texmf-dist/tex/latex/oberdiek/auxhook.sty
Package: auxhook 2011/03/04 v1.3 Hooks for auxiliary files (HO)
)
\@linkdim=\dimen127
\Hy@linkcounter=\count95
\Hy@pagecounter=\count96

(/usr/share/texlive/texmf-dist/tex/latex/hyperref/pd1enc.def
File: pd1enc.def 2012/11/06 v6.83m Hyperref: PDFDocEncoding definition (HO)
)
\Hy@SavedSpaceFactor=\count97

(/usr/share/texlive/texmf-dist/tex/latex/latexconfig/hyperref.cfg
File: hyperref.cfg 2002/06/06 v1.2 hyperref configuration of TeXLive
)
Package hyperref Info: Hyper figures OFF on input line 4443.
Package hyperref Info: Link nesting OFF on input line 4448.
Package hyperref Info: Hyper index ON on input line 4451.
Package hyperref Info: Plain pages OFF on input line 4458.
Package hyperref Info: Backreferencing OFF on input line 4463.
Package hyperref Info: Implicit mode ON; LaTeX internals redefined.
Package hyperref Info: Bookmarks ON on input line 4688.
\c@Hy@tempcnt=\count98

(/usr/share/texlive/texmf-dist/tex/latex/url/url.sty
\Urlmuskip=\muskip10
Package: url 2013/09/16  ver 3.4  Verb mode for urls, etc.
)
LaTeX Info: Redefining \url on input line 5041.
\XeTeXLinkMargin=\dimen128
\Fld@menulength=\count99
\Field@Width=\dimen129
\Fld@charsize=\dimen130
Package hyperref Info: Hyper figures OFF on input line 6295.
Package hyperref Info: Link nesting OFF on input line 6300.
Package hyperref Info: Hyper index ON on input line 6303.
Package hyperref Info: backreferencing OFF on input line 6310.
Package hyperref Info: Link coloring OFF on input line 6315.
Package hyperref Info: Link coloring with OCG OFF on input line 6320.
Package hyperref Info: PDF/A mode OFF on input line 6325.
LaTeX Info: Redefining \ref on input line 6365.
LaTeX Info: Redefining \pageref on input line 6369.
\Hy@abspage=\count100
\c@Item=\count101
\c@Hfootnote=\count102
)

Package hyperref Message: Driver (autodetected): hpdftex.

(/usr/share/texlive/texmf-dist/tex/latex/hyperref/hpdftex.def
File: hpdftex.def 2012/11/06 v6.83m Hyperref driver for pdfTeX
\Fld@listcount=\count103
\c@bookmark@seq@number=\count104

(/usr/share/texlive/texmf-dist/tex/latex/oberdiek/rerunfilecheck.sty
Package: rerunfilecheck 2011/04/15 v1.7 Rerun checks for auxiliary files (HO)
Package uniquecounter Info: New unique counter `rerunfilecheck' on input line 2
82.
)
\Hy@SectionHShift=\skip46
)
(/usr/share/texlive/texmf-dist/tex/latex/adjustbox/adjustbox.sty
Package: adjustbox 2012/05/21 v1.0 Adjusting TeX boxes (trim, clip, ...)

(/usr/share/texlive/texmf-dist/tex/latex/xkeyval/xkeyval.sty
Package: xkeyval 2012/10/14 v2.6b package option processing (HA)

(/usr/share/texlive/texmf-dist/tex/generic/xkeyval/xkeyval.tex
\XKV@toks=\toks19
\XKV@tempa@toks=\toks20
\XKV@depth=\count105
File: xkeyval.tex 2012/10/14 v2.6b key=value parser (HA)
))
(/usr/share/texlive/texmf-dist/tex/latex/adjustbox/adjcalc.sty
Package: adjcalc 2012/05/16 v1.1 Provides advanced setlength with multiple back
-ends (calc, etex, pgfmath)
)
(/usr/share/texlive/texmf-dist/tex/latex/adjustbox/trimclip.sty
Package: trimclip 2012/05/16 v1.0 Trim and clip general TeX material

(/usr/share/texlive/texmf-dist/tex/latex/collectbox/collectbox.sty
Package: collectbox 2012/05/17 v0.4b Collect macro arguments as boxes
\collectedbox=\box28
)
\tc@llx=\dimen131
\tc@lly=\dimen132
\tc@urx=\dimen133
\tc@ury=\dimen134
Package trimclip Info: Using driver 'tc-pdftex.def'.

(/usr/share/texlive/texmf-dist/tex/latex/adjustbox/tc-pdftex.def
File: tc-pdftex.def 2012/05/13 v1.0 Clipping driver for pdftex
))
\adjbox@Width=\dimen135
\adjbox@Height=\dimen136
\adjbox@Depth=\dimen137
\adjbox@Totalheight=\dimen138

(/usr/share/texlive/texmf-dist/tex/latex/ifoddpage/ifoddpage.sty
Package: ifoddpage 2011/09/13 v1.0 Conditionals for odd/even page detection
\c@checkoddpage=\count106
)
(/usr/share/texlive/texmf-dist/tex/latex/varwidth/varwidth.sty
Package: varwidth 2009/03/30 ver 0.92;  Variable-width minipages
\@vwid@box=\box29
\sift@deathcycles=\count107
\@vwid@loff=\dimen139
\@vwid@roff=\dimen140
))
(/usr/share/texlive/texmf-dist/tex/latex/amsmath/amsmath.sty
Package: amsmath 2013/01/14 v2.14 AMS math features
\@mathmargin=\skip47

For additional information on amsmath, use the `?' option.
(/usr/share/texlive/texmf-dist/tex/latex/amsmath/amstext.sty
Package: amstext 2000/06/29 v2.01

(/usr/share/texlive/texmf-dist/tex/latex/amsmath/amsgen.sty
File: amsgen.sty 1999/11/30 v2.0
\@emptytoks=\toks21
\ex@=\dimen141
))
(/usr/share/texlive/texmf-dist/tex/latex/amsmath/amsbsy.sty
Package: amsbsy 1999/11/29 v1.2d
\pmbraise@=\dimen142
)
(/usr/share/texlive/texmf-dist/tex/latex/amsmath/amsopn.sty
Package: amsopn 1999/12/14 v2.01 operator names
)
\inf@bad=\count108
LaTeX Info: Redefining \frac on input line 210.
\uproot@=\count109
\leftroot@=\count110
LaTeX Info: Redefining \overline on input line 306.
\classnum@=\count111
\DOTSCASE@=\count112
LaTeX Info: Redefining \ldots on input line 378.
LaTeX Info: Redefining \dots on input line 381.
LaTeX Info: Redefining \cdots on input line 466.
\Mathstrutbox@=\box30
\strutbox@=\box31
\big@size=\dimen143
LaTeX Font Info:    Redeclaring font encoding OML on input line 566.
LaTeX Font Info:    Redeclaring font encoding OMS on input line 567.
\macc@depth=\count113
\c@MaxMatrixCols=\count114
\dotsspace@=\muskip11
\c@parentequation=\count115
\dspbrk@lvl=\count116
\tag@help=\toks22
\row@=\count117
\column@=\count118
\maxfields@=\count119
\andhelp@=\toks23
\eqnshift@=\dimen144
\alignsep@=\dimen145
\tagshift@=\dimen146
\tagwidth@=\dimen147
\totwidth@=\dimen148
\lineht@=\dimen149
\@envbody=\toks24
\multlinegap=\skip48
\multlinetaggap=\skip49
\mathdisplay@stack=\toks25
LaTeX Info: Redefining \[ on input line 2665.
LaTeX Info: Redefining \] on input line 2666.
)
(/usr/share/texlive/texmf-dist/tex/latex/listings/listings.sty
\lst@mode=\count120
\lst@gtempboxa=\box32
\lst@token=\toks26
\lst@length=\count121
\lst@currlwidth=\dimen150
\lst@column=\count122
\lst@pos=\count123
\lst@lostspace=\dimen151
\lst@width=\dimen152
\lst@newlines=\count124
\lst@lineno=\count125
\lst@maxwidth=\dimen153

(/usr/share/texlive/texmf-dist/tex/latex/listings/lstmisc.sty
File: lstmisc.sty 2013/08/26 1.5b (Carsten Heinz)
\c@lstnumber=\count126
\lst@skipnumbers=\count127
\lst@framebox=\box33
)
(/usr/share/texlive/texmf-dist/tex/latex/listings/listings.cfg
File: listings.cfg 2013/08/26 1.5b listings configuration
))
Package: listings 2013/08/26 1.5b (Carsten Heinz)

(/usr/share/texlive/texmf-dist/tex/latex/ms/ragged2e.sty
Package: ragged2e 2009/05/21 v2.1 ragged2e Package (MS)


LaTeX Warning: Command \@arrayparboxrestore  has changed.
               Check if current package is valid.

(/usr/share/texlive/texmf-dist/tex/latex/ms/everysel.sty
Package: everysel 2011/10/28 v1.2 EverySelectfont Package (MS)
)
(/usr/share/texlive/texmf-dist/tex/latex/footmisc/footmisc.sty
Package: footmisc 2011/06/06 v5.5b a miscellany of footnote facilities
\FN@temptoken=\toks27
\footnotemargin=\dimen154
\c@pp@next@reset=\count128
Package footmisc Info: Declaring symbol style bringhurst on input line 855.
Package footmisc Info: Declaring symbol style chicago on input line 863.
Package footmisc Info: Declaring symbol style wiley on input line 872.
Package footmisc Info: Declaring symbol style lamport-robust on input line 883.

Package footmisc Info: Declaring symbol style lamport* on input line 903.
Package footmisc Info: Declaring symbol style lamport*-robust on input line 924
.
)
\CenteringLeftskip=\skip50
\RaggedLeftLeftskip=\skip51
\RaggedRightLeftskip=\skip52
\CenteringRightskip=\skip53
\RaggedLeftRightskip=\skip54
\RaggedRightRightskip=\skip55
\CenteringParfillskip=\skip56
\RaggedLeftParfillskip=\skip57
\RaggedRightParfillskip=\skip58
\JustifyingParfillskip=\skip59
\CenteringParindent=\skip60
\RaggedLeftParindent=\skip61
\RaggedRightParindent=\skip62
\JustifyingParindent=\skip63
)
(/usr/share/texlive/texmf-dist/tex/latex/titling/titling.sty
Package: titling 2009/09/04 v2.1d maketitle typesetting
\thanksmarkwidth=\skip64
\thanksmargin=\skip65
\droptitle=\skip66
)
(/usr/share/texlive/texmf-dist/tex/latex/lipsum/lipsum.sty
Package: lipsum 2011/04/14 v1.2 150 paragraphs of Lorem Ipsum dummy text
\c@lips@count=\count129
)
(./assignmentReport2.aux)
\openout1 = `assignmentReport2.aux'.

LaTeX Font Info:    Checking defaults for OML/cmm/m/it on input line 24.
LaTeX Font Info:    ... okay on input line 24.
LaTeX Font Info:    Checking defaults for T1/cmr/m/n on input line 24.
LaTeX Font Info:    ... okay on input line 24.
LaTeX Font Info:    Checking defaults for OT1/cmr/m/n on input line 24.
LaTeX Font Info:    ... okay on input line 24.
LaTeX Font Info:    Checking defaults for OMS/cmsy/m/n on input line 24.
LaTeX Font Info:    ... okay on input line 24.
LaTeX Font Info:    Checking defaults for OMX/cmex/m/n on input line 24.
LaTeX Font Info:    ... okay on input line 24.
LaTeX Font Info:    Checking defaults for U/cmr/m/n on input line 24.
LaTeX Font Info:    ... okay on input line 24.
LaTeX Font Info:    Checking defaults for PD1/pdf/m/n on input line 24.
LaTeX Font Info:    ... okay on input line 24.

(/usr/share/texlive/texmf-dist/tex/context/base/supp-pdf.mkii
[Loading MPS to PDF converter (version 2006.09.02).]
\scratchcounter=\count130
\scratchdimen=\dimen155
\scratchbox=\box34
\nofMPsegments=\count131
\nofMParguments=\count132
\everyMPshowfont=\toks28
\MPscratchCnt=\count133
\MPscratchDim=\dimen156
\MPnumerator=\count134
\makeMPintoPDFobject=\count135
\everyMPtoPDFconversion=\toks29
)
Package caption Info: Begin \AtBeginDocument code.
Package caption Info: hyperref package is loaded.
Package caption Info: listings package is loaded.
Package caption Info: End \AtBeginDocument code.
\AtBeginShipoutBox=\box35
Package hyperref Info: Link coloring OFF on input line 24.
 (/usr/share/texlive/texmf-dist/tex/latex/hyperref/nameref.sty
Package: nameref 2012/10/27 v2.43 Cross-referencing by name of section

(/usr/share/texlive/texmf-dist/tex/generic/oberdiek/gettitlestring.sty
Package: gettitlestring 2010/12/03 v1.4 Cleanup title references (HO)
)
\c@section@level=\count136
)
LaTeX Info: Redefining \ref on input line 24.
LaTeX Info: Redefining \pageref on input line 24.
LaTeX Info: Redefining \nameref on input line 24.

(./assignmentReport2.out) (./assignmentReport2.out)
\@outlinefile=\write3
\openout3 = `assignmentReport2.out'.

\c@lstlisting=\count137
Package ragged2e Info: ABD: executing \RaggedRight on input line 24.

ABD: EverySelectfont initializing macros
LaTeX Info: Redefining \selectfont on input line 24.

(/usr/share/texlive/texmf-dist/tex/latex/listings/lstlang1.sty
File: lstlang1.sty 2013/08/26 1.5b listings language file
)
(/usr/share/texlive/texmf-dist/tex/latex/listings/lstlang1.sty
File: lstlang1.sty 2013/08/26 1.5b listings language file
)
(/usr/share/texlive/texmf-dist/tex/latex/listings/lstmisc.sty
File: lstmisc.sty 2013/08/26 1.5b (Carsten Heinz)
) [1

{/var/lib/texmf/fonts/map/pdftex/updmap/pdftex.map}]
LaTeX Font Info:    Try loading font information for OML+cmr on input line 40.

(/usr/share/texlive/texmf-dist/tex/latex/base/omlcmr.fd
File: omlcmr.fd 1999/05/25 v2.5h Standard LaTeX font definitions
)
LaTeX Font Info:    Font shape `OML/cmr/m/n' in size <12> not available
(Font)              Font shape `OML/cmm/m/it' tried instead on input line 40.
LaTeX Font Info:    Try loading font information for OMS+cmr on input line 48.

(/usr/share/texlive/texmf-dist/tex/latex/base/omscmr.fd
File: omscmr.fd 1999/05/25 v2.5h Standard LaTeX font definitions
)
LaTeX Font Info:    Font shape `OMS/cmr/m/n' in size <12> not available
(Font)              Font shape `OMS/cmsy/m/n' tried instead on input line 48.

Overfull \hbox (75.2992pt too wide) in paragraph at lines 51--52
[][][][][][][][][][][][][][][][][][][][][][] 
 []


Overfull \hbox (11.8493pt too wide) in paragraph at lines 58--59
[][][][][][][][][][][][][][][][][][][][][][][] 
 []


Overfull \hbox (117.59912pt too wide) in paragraph at lines 71--72
[][][][][][][][][][][][][][][][][][][][][][][][][][][][][][][][] 
 []


Overfull \hbox (3.48404pt too wide) in paragraph at lines 80--81
\OT1/cmr/m/n/12 video can be found in the fol-low-ing link []$\OT1/cmtt/m/n/12 
https : / / www . youtube . com / watch ? 
 []

[2]
Overfull \hbox (88.94966pt too wide) in paragraph at lines 83--86
\OT1/cmr/m/n/12 viewed at []$\OT1/cmtt/m/n/12 https : / / www . dropbox . com /
 sh / 7zan9vye5w1wz8q / AAAJ8yzs1mNQIPngq9rgZna2a ? 
 []

<videoFrames/frame1.jpg, id=139, 1284.8pt x 722.7pt>
File: videoFrames/frame1.jpg Graphic file (type jpg)

<use videoFrames/frame1.jpg>
Package pdftex.def Info: videoFrames/frame1.jpg used on input line 90.
(pdftex.def)             Requested size: 128.70071pt x 72.3845pt.

<videoFrames/frame2.jpg, id=140, 1284.8pt x 722.7pt>
File: videoFrames/frame2.jpg Graphic file (type jpg)

<use videoFrames/frame2.jpg>
Package pdftex.def Info: videoFrames/frame2.jpg used on input line 91.
(pdftex.def)             Requested size: 128.70071pt x 72.3845pt.

<videoFrames/frame3.jpg, id=141, 1284.8pt x 722.7pt>
File: videoFrames/frame3.jpg Graphic file (type jpg)

<use videoFrames/frame3.jpg>
Package pdftex.def Info: videoFrames/frame3.jpg used on input line 92.
(pdftex.def)             Requested size: 128.70071pt x 72.3845pt.

<videoFrames/frame4.jpg, id=142, 1284.8pt x 722.7pt>
File: videoFrames/frame4.jpg Graphic file (type jpg)

<use videoFrames/frame4.jpg>
Package pdftex.def Info: videoFrames/frame4.jpg used on input line 98.
(pdftex.def)             Requested size: 128.70071pt x 72.3845pt.

<videoFrames/frame5.jpg, id=143, 1284.8pt x 722.7pt>
File: videoFrames/frame5.jpg Graphic file (type jpg)

<use videoFrames/frame5.jpg>
Package pdftex.def Info: videoFrames/frame5.jpg used on input line 99.
(pdftex.def)             Requested size: 128.70071pt x 72.3845pt.

<videoFrames/frame6.jpg, id=144, 1284.8pt x 722.7pt>
File: videoFrames/frame6.jpg Graphic file (type jpg)

<use videoFrames/frame6.jpg>
Package pdftex.def Info: videoFrames/frame6.jpg used on input line 100.
(pdftex.def)             Requested size: 128.70071pt x 72.3845pt.

<videoFrames/frame7.jpg, id=145, 1284.8pt x 722.7pt>
File: videoFrames/frame7.jpg Graphic file (type jpg)

<use videoFrames/frame7.jpg>
Package pdftex.def Info: videoFrames/frame7.jpg used on input line 105.
(pdftex.def)             Requested size: 128.70071pt x 72.3845pt.

<videoFrames/frame8.jpg, id=146, 1284.8pt x 722.7pt>
File: videoFrames/frame8.jpg Graphic file (type jpg)

<use videoFrames/frame8.jpg>
Package pdftex.def Info: videoFrames/frame8.jpg used on input line 106.
(pdftex.def)             Requested size: 128.70071pt x 72.3845pt.

<videoFrames/frame9.jpg, id=147, 1284.8pt x 722.7pt>
File: videoFrames/frame9.jpg Graphic file (type jpg)

<use videoFrames/frame9.jpg>
Package pdftex.def Info: videoFrames/frame9.jpg used on input line 107.
(pdftex.def)             Requested size: 128.70071pt x 72.3845pt.

<videoFrames/frame10.jpg, id=148, 1284.8pt x 722.7pt>
File: videoFrames/frame10.jpg Graphic file (type jpg)

<use videoFrames/frame10.jpg>
Package pdftex.def Info: videoFrames/frame10.jpg used on input line 112.
(pdftex.def)             Requested size: 128.70071pt x 72.3845pt.

<videoFrames/frame11.jpg, id=149, 1284.8pt x 722.7pt>
File: videoFrames/frame11.jpg Graphic file (type jpg)

<use videoFrames/frame11.jpg>
Package pdftex.def Info: videoFrames/frame11.jpg used on input line 113.
(pdftex.def)             Requested size: 128.70071pt x 72.3845pt.

<videoFrames/frame12.jpg, id=150, 1284.8pt x 722.7pt>
File: videoFrames/frame12.jpg Graphic file (type jpg)

<use videoFrames/frame12.jpg>
Package pdftex.def Info: videoFrames/frame12.jpg used on input line 114.
(pdftex.def)             Requested size: 128.70071pt x 72.3845pt.

<videoFrames/frame13.jpg, id=151, 1284.8pt x 722.7pt>
File: videoFrames/frame13.jpg Graphic file (type jpg)

<use videoFrames/frame13.jpg>
Package pdftex.def Info: videoFrames/frame13.jpg used on input line 119.
(pdftex.def)             Requested size: 128.70071pt x 72.3845pt.

<videoFrames/frame14.jpg, id=152, 1284.8pt x 722.7pt>
File: videoFrames/frame14.jpg Graphic file (type jpg)

<use videoFrames/frame14.jpg>
Package pdftex.def Info: videoFrames/frame14.jpg used on input line 120.
(pdftex.def)             Requested size: 128.70071pt x 72.3845pt.

<videoFrames/frame15.jpg, id=153, 1284.8pt x 722.7pt>
File: videoFrames/frame15.jpg Graphic file (type jpg)

<use videoFrames/frame15.jpg>
Package pdftex.def Info: videoFrames/frame15.jpg used on input line 121.
(pdftex.def)             Requested size: 128.70071pt x 72.3845pt.

<videoFrames/frame16.jpg, id=154, 1284.8pt x 722.7pt>
File: videoFrames/frame16.jpg Graphic file (type jpg)

<use videoFrames/frame16.jpg>
Package pdftex.def Info: videoFrames/frame16.jpg used on input line 126.
(pdftex.def)             Requested size: 128.70071pt x 72.3845pt.

<videoFrames/frame17.jpg, id=155, 1284.8pt x 722.7pt>
File: videoFrames/frame17.jpg Graphic file (type jpg)

<use videoFrames/frame17.jpg>
Package pdftex.def Info: videoFrames/frame17.jpg used on input line 127.
(pdftex.def)             Requested size: 128.70071pt x 72.3845pt.

<videoFrames/frame18.jpg, id=156, 1284.8pt x 722.7pt>
File: videoFrames/frame18.jpg Graphic file (type jpg)

<use videoFrames/frame18.jpg>
Package pdftex.def Info: videoFrames/frame18.jpg used on input line 128.
(pdftex.def)             Requested size: 128.70071pt x 72.3845pt.

<videoFrames/frame19.jpg, id=157, 1284.8pt x 722.7pt>
File: videoFrames/frame19.jpg Graphic file (type jpg)

<use videoFrames/frame19.jpg>
Package pdftex.def Info: videoFrames/frame19.jpg used on input line 133.
(pdftex.def)             Requested size: 128.70071pt x 72.3845pt.

<videoFrames/frame20.jpg, id=158, 1284.8pt x 722.7pt>
File: videoFrames/frame20.jpg Graphic file (type jpg)

<use videoFrames/frame20.jpg>
Package pdftex.def Info: videoFrames/frame20.jpg used on input line 134.
(pdftex.def)             Requested size: 128.70071pt x 72.3845pt.

<videoFrames/frame21.jpg, id=159, 1284.8pt x 722.7pt>
File: videoFrames/frame21.jpg Graphic file (type jpg)

<use videoFrames/frame21.jpg>
Package pdftex.def Info: videoFrames/frame21.jpg used on input line 135.
(pdftex.def)             Requested size: 128.70071pt x 72.3845pt.

<videoFrames/frame22.jpg, id=160, 1284.8pt x 722.7pt>
File: videoFrames/frame22.jpg Graphic file (type jpg)

<use videoFrames/frame22.jpg>
Package pdftex.def Info: videoFrames/frame22.jpg used on input line 140.
(pdftex.def)             Requested size: 128.70071pt x 72.3845pt.

<videoFrames/frame23.jpg, id=161, 1284.8pt x 722.7pt>
File: videoFrames/frame23.jpg Graphic file (type jpg)

<use videoFrames/frame23.jpg>
Package pdftex.def Info: videoFrames/frame23.jpg used on input line 141.
(pdftex.def)             Requested size: 128.70071pt x 72.3845pt.

<videoFrames/frame24.jpg, id=162, 1284.8pt x 722.7pt>
File: videoFrames/frame24.jpg Graphic file (type jpg)

<use videoFrames/frame24.jpg>
Package pdftex.def Info: videoFrames/frame24.jpg used on input line 142.
(pdftex.def)             Requested size: 128.70071pt x 72.3845pt.
 [3 <./videoFrames/frame1.jpg> <./videoFrames/frame2.jpg> <./videoFrames/frame3
.jpg> <./videoFrames/frame4.jpg> <./videoFrames/frame5.jpg> <./videoFrames/fram
e6.jpg> <./videoFrames/frame7.jpg> <./videoFrames/frame8.jpg> <./videoFrames/fr
ame9.jpg>] [4 <./videoFrames/frame10.jpg> <./videoFrames/frame11.jpg> <./videoF
rames/frame12.jpg> <./videoFrames/frame13.jpg> <./videoFrames/frame14.jpg> <./v
ideoFrames/frame15.jpg> <./videoFrames/frame16.jpg> <./videoFrames/frame17.jpg>
 <./videoFrames/frame18.jpg> <./videoFrames/frame19.jpg> <./videoFrames/frame20
.jpg> <./videoFrames/frame21.jpg> <./videoFrames/frame22.jpg> <./videoFrames/fr
ame23.jpg> <./videoFrames/frame24.jpg>]
Overfull \hbox (190.45029pt too wide) in paragraph at lines 158--158
[]\OT1/cmtt/m/n/12 VideoWriter (const String &filename, int codec, double fps, 
Size frameSize, bool isColor=true)[] 
 []

[5

]
Overfull \hbox (89.39917pt too wide) in paragraph at lines 216--218
[][][][][][][][][][][][][][][][][][][][][][][][][][] 
 []

[6]
Overfull \hbox (68.2492pt too wide) in paragraph at lines 224--225
[][][][][][][][][][][][][][][][][][][][][][][][] 
 []


Overfull \hbox (32.99927pt too wide) in paragraph at lines 225--227
[][][][][][][][][][][][][][][][][][][][][][] 
 []


Overfull \hbox (11.8493pt too wide) in paragraph at lines 243--244
[][][][][][][][][][][][][][][][][][][][][][][][][][] 
 []

[7]
Overfull \hbox (36.07521pt too wide) in paragraph at lines 256--257
[]$\OT1/cmtt/m/n/12 https : / / www . dropbox . com / sh / n5tq49i62pr31pm / AA
CnLS2egKQnbrv5htjepbsfa ? 
 []


Overfull \hbox (7.98611pt too wide) in paragraph at lines 260--261
[]\OT1/cmr/m/n/12 Output video with FPS of 10 can be viewed at []$\OT1/cmtt/m/n
/12 https : / / www . dropbox . 
 []


Overfull \hbox (7.98611pt too wide) in paragraph at lines 261--262
[]\OT1/cmr/m/n/12 Output video with FPS of 60 can be viewed at []$\OT1/cmtt/m/n
/12 https : / / www . dropbox . 
 []


Overfull \hbox (7.98611pt too wide) in paragraph at lines 262--263
[]\OT1/cmr/m/n/12 Output video with FPS of 30 can be viewed at []$\OT1/cmtt/m/n
/12 https : / / www . dropbox . 
 []

[8]
Overfull \hbox (18.89929pt too wide) in paragraph at lines 288--289
[][][][][][][][][][][][][][][][][][][][][][] 
 []


Overfull \hbox (103.49915pt too wide) in paragraph at lines 298--299
[][][][][][][][][][][][][][][][][][][][][][][][][][] 
 []


Overfull \hbox (82.34918pt too wide) in paragraph at lines 303--304
[][][][][][][][][][][][][][][][][][][][][][][][][][] 
 []

[9] <cameraFrames/10.jpg, id=340, 642.4pt x 481.8pt>
File: cameraFrames/10.jpg Graphic file (type jpg)
 <use cameraFrames/10.jpg>
Package pdftex.def Info: cameraFrames/10.jpg used on input line 322.
(pdftex.def)             Requested size: 128.70071pt x 96.52002pt.

<cameraFrames/11.jpg, id=341, 642.4pt x 481.8pt>
File: cameraFrames/11.jpg Graphic file (type jpg)
 <use cameraFrames/11.jpg>
Package pdftex.def Info: cameraFrames/11.jpg used on input line 323.
(pdftex.def)             Requested size: 128.70071pt x 96.52002pt.

<cameraFrames/12.jpg, id=342, 642.4pt x 481.8pt>
File: cameraFrames/12.jpg Graphic file (type jpg)
 <use cameraFrames/12.jpg>
Package pdftex.def Info: cameraFrames/12.jpg used on input line 324.
(pdftex.def)             Requested size: 128.70071pt x 96.52002pt.

<cameraFrames/16.jpg, id=343, 642.4pt x 481.8pt>
File: cameraFrames/16.jpg Graphic file (type jpg)
 <use cameraFrames/16.jpg>
Package pdftex.def Info: cameraFrames/16.jpg used on input line 330.
(pdftex.def)             Requested size: 128.70071pt x 96.52002pt.

<cameraFrames/17.jpg, id=344, 642.4pt x 481.8pt>
File: cameraFrames/17.jpg Graphic file (type jpg)
 <use cameraFrames/17.jpg>
Package pdftex.def Info: cameraFrames/17.jpg used on input line 331.
(pdftex.def)             Requested size: 128.70071pt x 96.52002pt.

<cameraFrames/18.jpg, id=345, 642.4pt x 481.8pt>
File: cameraFrames/18.jpg Graphic file (type jpg)
 <use cameraFrames/18.jpg>
Package pdftex.def Info: cameraFrames/18.jpg used on input line 332.
(pdftex.def)             Requested size: 128.70071pt x 96.52002pt.

<cameraFrames/19.jpg, id=346, 642.4pt x 481.8pt>
File: cameraFrames/19.jpg Graphic file (type jpg)
 <use cameraFrames/19.jpg>
Package pdftex.def Info: cameraFrames/19.jpg used on input line 338.
(pdftex.def)             Requested size: 128.70071pt x 96.52002pt.

<cameraFrames/20.jpg, id=347, 642.4pt x 481.8pt>
File: cameraFrames/20.jpg Graphic file (type jpg)
 <use cameraFrames/20.jpg>
Package pdftex.def Info: cameraFrames/20.jpg used on input line 339.
(pdftex.def)             Requested size: 128.70071pt x 96.52002pt.

<cameraFrames/21.jpg, id=348, 642.4pt x 481.8pt>
File: cameraFrames/21.jpg Graphic file (type jpg)
 <use cameraFrames/21.jpg>
Package pdftex.def Info: cameraFrames/21.jpg used on input line 340.
(pdftex.def)             Requested size: 128.70071pt x 96.52002pt.

<cameraFrames/22.jpg, id=349, 642.4pt x 481.8pt>
File: cameraFrames/22.jpg Graphic file (type jpg)
 <use cameraFrames/22.jpg>
Package pdftex.def Info: cameraFrames/22.jpg used on input line 346.
(pdftex.def)             Requested size: 128.70071pt x 96.52002pt.

<cameraFrames/23.jpg, id=350, 642.4pt x 481.8pt>
File: cameraFrames/23.jpg Graphic file (type jpg)
 <use cameraFrames/23.jpg>
Package pdftex.def Info: cameraFrames/23.jpg used on input line 347.
(pdftex.def)             Requested size: 128.70071pt x 96.52002pt.

<cameraFrames/24.jpg, id=351, 642.4pt x 481.8pt>
File: cameraFrames/24.jpg Graphic file (type jpg)
 <use cameraFrames/24.jpg>
Package pdftex.def Info: cameraFrames/24.jpg used on input line 348.
(pdftex.def)             Requested size: 128.70071pt x 96.52002pt.

<cameraFrames/25.jpg, id=352, 642.4pt x 481.8pt>
File: cameraFrames/25.jpg Graphic file (type jpg)
 <use cameraFrames/25.jpg>
Package pdftex.def Info: cameraFrames/25.jpg used on input line 354.
(pdftex.def)             Requested size: 128.70071pt x 96.52002pt.

<cameraFrames/26.jpg, id=353, 642.4pt x 481.8pt>
File: cameraFrames/26.jpg Graphic file (type jpg)
 <use cameraFrames/26.jpg>
Package pdftex.def Info: cameraFrames/26.jpg used on input line 355.
(pdftex.def)             Requested size: 128.70071pt x 96.52002pt.

<cameraFrames/27.jpg, id=354, 642.4pt x 481.8pt>
File: cameraFrames/27.jpg Graphic file (type jpg)
 <use cameraFrames/27.jpg>
Package pdftex.def Info: cameraFrames/27.jpg used on input line 356.
(pdftex.def)             Requested size: 128.70071pt x 96.52002pt.

[10 <./cameraFrames/10.jpg> <./cameraFrames/11.jpg> <./cameraFrames/12.jpg> <./
cameraFrames/16.jpg> <./cameraFrames/17.jpg> <./cameraFrames/18.jpg> <./cameraF
rames/19.jpg> <./cameraFrames/20.jpg> <./cameraFrames/21.jpg>] [11 <./cameraFra
mes/22.jpg> <./cameraFrames/23.jpg> <./cameraFrames/24.jpg> <./cameraFrames/25.
jpg> <./cameraFrames/26.jpg> <./cameraFrames/27.jpg>]
Overfull \hbox (1.26677pt too wide) in paragraph at lines 368--368
\OT1/cmr/m/n/12 old of 120, where blue is rep-re-sented by a value less than 12
0 in the U(blue- 
 []

[12

]
Overfull \hbox (11.8493pt too wide) in paragraph at lines 399--401
[][][][][][][][][][][][][][][][] 
 []


Overfull \hbox (11.8493pt too wide) in paragraph at lines 409--411
[][][][][][][][][][][][][][][][] 
 []


Overfull \hbox (96.44916pt too wide) in paragraph at lines 420--421
[][][][][][][][][][][][][][][][][][][][][][][][][][][][][][] 
 []

[13]
Overfull \hbox (82.34918pt too wide) in paragraph at lines 436--437
[][][][][][][][][][][][][][][][][][][][][][][][][][][][] 
 []


Overfull \hbox (25.94928pt too wide) in paragraph at lines 439--440
[][][][][][][][][][][][][][][][][][][][][][][] 
 []


Overfull \hbox (89.39917pt too wide) in paragraph at lines 448--450
[][][][][][][][][][][][][][][][][][][][][][][][][][] 
 []

[14]
Overfull \hbox (11.8493pt too wide) in paragraph at lines 461--462
[][][][][][][][][][][][][][][][][][][][][][] 
 []


Overfull \hbox (18.89929pt too wide) in paragraph at lines 466--467
[][][][][][][][][][][][][][][][][][][][][][] 
 []


Overfull \hbox (32.99927pt too wide) in paragraph at lines 469--470
[][][][][][][][][][][][][][][][][][][][][] 
 []


Overfull \hbox (11.8493pt too wide) in paragraph at lines 472--473
[][][][][][][][][][][][][][][][][][][][][][][][][] 
 []


Overfull \hbox (54.14923pt too wide) in paragraph at lines 478--479
[][][][][][][][][][][][][][][][][][][][][][][][] 
 []


Overfull \hbox (4.79932pt too wide) in paragraph at lines 479--480
[][][][][][][][][][][][][][][][][][] 
 []


Overfull \hbox (25.94928pt too wide) in paragraph at lines 480--481
[][][][][][][][][][][][][][][][][][][][][][] 
 []

[15] <meOrg/frame96.jpg, id=513, 1284.8pt x 722.7pt>
File: meOrg/frame96.jpg Graphic file (type jpg)
 <use meOrg/frame96.jpg>
Package pdftex.def Info: meOrg/frame96.jpg used on input line 511.
(pdftex.def)             Requested size: 128.70071pt x 72.3845pt.

<meOrg/frame97.jpg, id=514, 1284.8pt x 722.7pt>
File: meOrg/frame97.jpg Graphic file (type jpg)
 <use meOrg/frame97.jpg>
Package pdftex.def Info: meOrg/frame97.jpg used on input line 512.
(pdftex.def)             Requested size: 128.70071pt x 72.3845pt.

<meOrg/frame98.jpg, id=515, 1284.8pt x 722.7pt>
File: meOrg/frame98.jpg Graphic file (type jpg)
 <use meOrg/frame98.jpg>
Package pdftex.def Info: meOrg/frame98.jpg used on input line 513.
(pdftex.def)             Requested size: 128.70071pt x 72.3845pt.

<meOrg/frame213.jpg, id=516, 1284.8pt x 722.7pt>
File: meOrg/frame213.jpg Graphic file (type jpg)
 <use meOrg/frame213.jpg>
Package pdftex.def Info: meOrg/frame213.jpg used on input line 519.
(pdftex.def)             Requested size: 128.70071pt x 72.3845pt.

<meOrg/frame214.jpg, id=517, 1284.8pt x 722.7pt>
File: meOrg/frame214.jpg Graphic file (type jpg)
 <use meOrg/frame214.jpg>
Package pdftex.def Info: meOrg/frame214.jpg used on input line 520.
(pdftex.def)             Requested size: 128.70071pt x 72.3845pt.

<meOrg/frame215.jpg, id=518, 1284.8pt x 722.7pt>
File: meOrg/frame215.jpg Graphic file (type jpg)
 <use meOrg/frame215.jpg>
Package pdftex.def Info: meOrg/frame215.jpg used on input line 521.
(pdftex.def)             Requested size: 128.70071pt x 72.3845pt.

<meOrg/frame355.jpg, id=519, 1284.8pt x 722.7pt>
File: meOrg/frame355.jpg Graphic file (type jpg)
 <use meOrg/frame355.jpg>
Package pdftex.def Info: meOrg/frame355.jpg used on input line 526.
(pdftex.def)             Requested size: 128.70071pt x 72.3845pt.

<meOrg/frame356.jpg, id=520, 1284.8pt x 722.7pt>
File: meOrg/frame356.jpg Graphic file (type jpg)
 <use meOrg/frame356.jpg>
Package pdftex.def Info: meOrg/frame356.jpg used on input line 527.
(pdftex.def)             Requested size: 128.70071pt x 72.3845pt.

<meOrg/frame357.jpg, id=521, 1284.8pt x 722.7pt>
File: meOrg/frame357.jpg Graphic file (type jpg)
 <use meOrg/frame357.jpg>
Package pdftex.def Info: meOrg/frame357.jpg used on input line 528.
(pdftex.def)             Requested size: 128.70071pt x 72.3845pt.

<meOrg/frame358.jpg, id=522, 1284.8pt x 722.7pt>
File: meOrg/frame358.jpg Graphic file (type jpg)
 <use meOrg/frame358.jpg>
Package pdftex.def Info: meOrg/frame358.jpg used on input line 533.
(pdftex.def)             Requested size: 128.70071pt x 72.3845pt.

<meOrg/frame359.jpg, id=523, 1284.8pt x 722.7pt>
File: meOrg/frame359.jpg Graphic file (type jpg)
 <use meOrg/frame359.jpg>
Package pdftex.def Info: meOrg/frame359.jpg used on input line 534.
(pdftex.def)             Requested size: 128.70071pt x 72.3845pt.

<meOrg/frame360.jpg, id=524, 1284.8pt x 722.7pt>
File: meOrg/frame360.jpg Graphic file (type jpg)
 <use meOrg/frame360.jpg>
Package pdftex.def Info: meOrg/frame360.jpg used on input line 535.
(pdftex.def)             Requested size: 128.70071pt x 72.3845pt.

<space/frame96.jpg, id=527, 1284.8pt x 722.7pt>
File: space/frame96.jpg Graphic file (type jpg)
 <use space/frame96.jpg>
Package pdftex.def Info: space/frame96.jpg used on input line 546.
(pdftex.def)             Requested size: 128.70071pt x 72.3845pt.

<space/frame97.jpg, id=528, 1284.8pt x 722.7pt>
File: space/frame97.jpg Graphic file (type jpg)
 <use space/frame97.jpg>
Package pdftex.def Info: space/frame97.jpg used on input line 547.
(pdftex.def)             Requested size: 128.70071pt x 72.3845pt.

<space/frame98.jpg, id=529, 1284.8pt x 722.7pt>
File: space/frame98.jpg Graphic file (type jpg)
 <use space/frame98.jpg>
Package pdftex.def Info: space/frame98.jpg used on input line 548.
(pdftex.def)             Requested size: 128.70071pt x 72.3845pt.

[16 <./meOrg/frame96.jpg> <./meOrg/frame97.jpg> <./meOrg/frame98.jpg> <./meOrg/
frame213.jpg> <./meOrg/frame214.jpg> <./meOrg/frame215.jpg> <./meOrg/frame355.j
pg> <./meOrg/frame356.jpg> <./meOrg/frame357.jpg>]
<space/frame117.jpg, id=539, 1284.8pt x 722.7pt>
File: space/frame117.jpg Graphic file (type jpg)
 <use space/frame117.jpg>
Package pdftex.def Info: space/frame117.jpg used on input line 554.
(pdftex.def)             Requested size: 128.70071pt x 72.3845pt.

<space/frame118.jpg, id=540, 1284.8pt x 722.7pt>
File: space/frame118.jpg Graphic file (type jpg)
 <use space/frame118.jpg>
Package pdftex.def Info: space/frame118.jpg used on input line 555.
(pdftex.def)             Requested size: 128.70071pt x 72.3845pt.

<space/frame119.jpg, id=541, 1284.8pt x 722.7pt>
File: space/frame119.jpg Graphic file (type jpg)
 <use space/frame119.jpg>
Package pdftex.def Info: space/frame119.jpg used on input line 556.
(pdftex.def)             Requested size: 128.70071pt x 72.3845pt.

<space/frame173.jpg, id=542, 1284.8pt x 722.7pt>
File: space/frame173.jpg Graphic file (type jpg)
 <use space/frame173.jpg>
Package pdftex.def Info: space/frame173.jpg used on input line 561.
(pdftex.def)             Requested size: 128.70071pt x 72.3845pt.

<space/frame174.jpg, id=543, 1284.8pt x 722.7pt>
File: space/frame174.jpg Graphic file (type jpg)
 <use space/frame174.jpg>
Package pdftex.def Info: space/frame174.jpg used on input line 562.
(pdftex.def)             Requested size: 128.70071pt x 72.3845pt.

<space/frame175.jpg, id=544, 1284.8pt x 722.7pt>
File: space/frame175.jpg Graphic file (type jpg)
 <use space/frame175.jpg>
Package pdftex.def Info: space/frame175.jpg used on input line 563.
(pdftex.def)             Requested size: 128.70071pt x 72.3845pt.

<space/frame213.jpg, id=545, 1284.8pt x 722.7pt>
File: space/frame213.jpg Graphic file (type jpg)
 <use space/frame213.jpg>
Package pdftex.def Info: space/frame213.jpg used on input line 568.
(pdftex.def)             Requested size: 128.70071pt x 72.3845pt.

<space/frame214.jpg, id=546, 1284.8pt x 722.7pt>
File: space/frame214.jpg Graphic file (type jpg)
 <use space/frame214.jpg>
Package pdftex.def Info: space/frame214.jpg used on input line 569.
(pdftex.def)             Requested size: 128.70071pt x 72.3845pt.

<space/frame215.jpg, id=547, 1284.8pt x 722.7pt>
File: space/frame215.jpg Graphic file (type jpg)
 <use space/frame215.jpg>
Package pdftex.def Info: space/frame215.jpg used on input line 570.
(pdftex.def)             Requested size: 128.70071pt x 72.3845pt.

<space/frame355.jpg, id=548, 1284.8pt x 722.7pt>
File: space/frame355.jpg Graphic file (type jpg)
 <use space/frame355.jpg>
Package pdftex.def Info: space/frame355.jpg used on input line 575.
(pdftex.def)             Requested size: 128.70071pt x 72.3845pt.

<space/frame356.jpg, id=549, 1284.8pt x 722.7pt>
File: space/frame356.jpg Graphic file (type jpg)
 <use space/frame356.jpg>
Package pdftex.def Info: space/frame356.jpg used on input line 576.
(pdftex.def)             Requested size: 128.70071pt x 72.3845pt.

<space/frame357.jpg, id=550, 1284.8pt x 722.7pt>
File: space/frame357.jpg Graphic file (type jpg)
 <use space/frame357.jpg>
Package pdftex.def Info: space/frame357.jpg used on input line 577.
(pdftex.def)             Requested size: 128.70071pt x 72.3845pt.

[17 <./meOrg/frame358.jpg> <./meOrg/frame359.jpg> <./meOrg/frame360.jpg> <./spa
ce/frame96.jpg> <./space/frame97.jpg> <./space/frame98.jpg> <./space/frame117.j
pg> <./space/frame118.jpg> <./space/frame119.jpg>] [18 <./space/frame173.jpg> <
./space/frame174.jpg> <./space/frame175.jpg> <./space/frame213.jpg> <./space/fr
ame214.jpg> <./space/frame215.jpg> <./space/frame355.jpg> <./space/frame356.jpg
> <./space/frame357.jpg>] <me/frame96.jpg, id=568, 1284.8pt x 722.7pt>
File: me/frame96.jpg Graphic file (type jpg)

<use me/frame96.jpg>
Package pdftex.def Info: me/frame96.jpg used on input line 591.
(pdftex.def)             Requested size: 128.70071pt x 72.3845pt.
 <me/frame97.jpg, id=569, 1284.8pt x 722.7pt>
File: me/frame97.jpg Graphic file (type jpg)

<use me/frame97.jpg>
Package pdftex.def Info: me/frame97.jpg used on input line 592.
(pdftex.def)             Requested size: 128.70071pt x 72.3845pt.
 <me/frame98.jpg, id=570, 1284.8pt x 722.7pt>
File: me/frame98.jpg Graphic file (type jpg)

<use me/frame98.jpg>
Package pdftex.def Info: me/frame98.jpg used on input line 593.
(pdftex.def)             Requested size: 128.70071pt x 72.3845pt.
 <me/frame117.jpg, id=571, 1284.8pt x 722.7pt>
File: me/frame117.jpg Graphic file (type jpg)

<use me/frame117.jpg>
Package pdftex.def Info: me/frame117.jpg used on input line 599.
(pdftex.def)             Requested size: 128.70071pt x 72.3845pt.
 <me/frame118.jpg, id=572, 1284.8pt x 722.7pt>
File: me/frame118.jpg Graphic file (type jpg)

<use me/frame118.jpg>
Package pdftex.def Info: me/frame118.jpg used on input line 600.
(pdftex.def)             Requested size: 128.70071pt x 72.3845pt.
 <me/frame119.jpg, id=573, 1284.8pt x 722.7pt>
File: me/frame119.jpg Graphic file (type jpg)

<use me/frame119.jpg>
Package pdftex.def Info: me/frame119.jpg used on input line 601.
(pdftex.def)             Requested size: 128.70071pt x 72.3845pt.
 <me/frame173.jpg, id=574, 1284.8pt x 722.7pt>
File: me/frame173.jpg Graphic file (type jpg)

<use me/frame173.jpg>
Package pdftex.def Info: me/frame173.jpg used on input line 607.
(pdftex.def)             Requested size: 128.70071pt x 72.3845pt.
 <me/frame174.jpg, id=575, 1284.8pt x 722.7pt>
File: me/frame174.jpg Graphic file (type jpg)

<use me/frame174.jpg>
Package pdftex.def Info: me/frame174.jpg used on input line 608.
(pdftex.def)             Requested size: 128.70071pt x 72.3845pt.
 <me/frame175.jpg, id=576, 1284.8pt x 722.7pt>
File: me/frame175.jpg Graphic file (type jpg)

<use me/frame175.jpg>
Package pdftex.def Info: me/frame175.jpg used on input line 609.
(pdftex.def)             Requested size: 128.70071pt x 72.3845pt.
 <me/frame213.jpg, id=577, 1284.8pt x 722.7pt>
File: me/frame213.jpg Graphic file (type jpg)

<use me/frame213.jpg>
Package pdftex.def Info: me/frame213.jpg used on input line 615.
(pdftex.def)             Requested size: 128.70071pt x 72.3845pt.
 <me/frame214.jpg, id=578, 1284.8pt x 722.7pt>
File: me/frame214.jpg Graphic file (type jpg)

<use me/frame214.jpg>
Package pdftex.def Info: me/frame214.jpg used on input line 616.
(pdftex.def)             Requested size: 128.70071pt x 72.3845pt.
 <me/frame215.jpg, id=579, 1284.8pt x 722.7pt>
File: me/frame215.jpg Graphic file (type jpg)

<use me/frame215.jpg>
Package pdftex.def Info: me/frame215.jpg used on input line 617.
(pdftex.def)             Requested size: 128.70071pt x 72.3845pt.
 <me/frame355.jpg, id=580, 1284.8pt x 722.7pt>
File: me/frame355.jpg Graphic file (type jpg)

<use me/frame355.jpg>
Package pdftex.def Info: me/frame355.jpg used on input line 623.
(pdftex.def)             Requested size: 128.70071pt x 72.3845pt.
 <me/frame356.jpg, id=581, 1284.8pt x 722.7pt>
File: me/frame356.jpg Graphic file (type jpg)

<use me/frame356.jpg>
Package pdftex.def Info: me/frame356.jpg used on input line 624.
(pdftex.def)             Requested size: 128.70071pt x 72.3845pt.
 <me/frame357.jpg, id=582, 1284.8pt x 722.7pt>
File: me/frame357.jpg Graphic file (type jpg)

<use me/frame357.jpg>
Package pdftex.def Info: me/frame357.jpg used on input line 625.
(pdftex.def)             Requested size: 128.70071pt x 72.3845pt.
 <me/frame358.jpg, id=583, 1284.8pt x 722.7pt>
File: me/frame358.jpg Graphic file (type jpg)

<use me/frame358.jpg>
Package pdftex.def Info: me/frame358.jpg used on input line 631.
(pdftex.def)             Requested size: 128.70071pt x 72.3845pt.
 <me/frame359.jpg, id=584, 1284.8pt x 722.7pt>
File: me/frame359.jpg Graphic file (type jpg)

<use me/frame359.jpg>
Package pdftex.def Info: me/frame359.jpg used on input line 632.
(pdftex.def)             Requested size: 128.70071pt x 72.3845pt.
 <me/frame360.jpg, id=585, 1284.8pt x 722.7pt>
File: me/frame360.jpg Graphic file (type jpg)

<use me/frame360.jpg>
Package pdftex.def Info: me/frame360.jpg used on input line 633.
(pdftex.def)             Requested size: 128.70071pt x 72.3845pt.
Package atveryend Info: Empty hook `BeforeClearDocument' on input line 637.
 [19

 <./me/frame96.jpg> <./me/frame97.jpg> <./me/frame98.jpg> <./me/frame117.jpg> <
./me/frame118.jpg> <./me/frame119.jpg> <./me/frame173.jpg> <./me/frame174.jpg> 
<./me/frame175.jpg>] [20 <./me/frame213.jpg> <./me/frame214.jpg> <./me/frame215
.jpg> <./me/frame355.jpg> <./me/frame356.jpg> <./me/frame357.jpg> <./me/frame35
8.jpg> <./me/frame359.jpg> <./me/frame360.jpg>]
Package atveryend Info: Empty hook `AfterLastShipout' on input line 637.

(./assignmentReport2.aux)
Package atveryend Info: Executing hook `AtVeryEndDocument' on input line 637.
Package atveryend Info: Executing hook `AtEndAfterFileList' on input line 637.


Package rerunfilecheck Warning: File `assignmentReport2.out' has changed.
(rerunfilecheck)                Rerun to get outlines right
(rerunfilecheck)                or use package `bookmark'.

Package rerunfilecheck Info: Checksums for `assignmentReport2.out':
(rerunfilecheck)             Before: 0C3181C7BA62CFA10EB2282107014B62;1179
(rerunfilecheck)             After:  89369EE1E177AA66841F1B5D9866D96F;1178.
Package atveryend Info: Empty hook `AtVeryVeryEnd' on input line 637.
 ) 
Here is how much of TeX's memory you used:
 10853 strings out of 493304
 163884 string characters out of 6139872
 366276 words of memory out of 5000000
 13742 multiletter control sequences out of 15000+600000
 9383 words of font info for 34 fonts, out of 8000000 for 9000
 957 hyphenation exceptions out of 8191
 47i,7n,99p,514b,1742s stack positions out of 5000i,500n,10000p,200000b,80000s
</usr/share/texlive/texmf-dist/fonts/type1/public/amsfonts/cm/cmbx12.pfb></us
r/share/texlive/texmf-dist/fonts/type1/public/amsfonts/cm/cmmi12.pfb></usr/shar
e/texlive/texmf-dist/fonts/type1/public/amsfonts/cm/cmr12.pfb></usr/share/texli
ve/texmf-dist/fonts/type1/public/amsfonts/cm/cmr17.pfb></usr/share/texlive/texm
f-dist/fonts/type1/public/amsfonts/cm/cmsy10.pfb></usr/share/texlive/texmf-dist
/fonts/type1/public/amsfonts/cm/cmti12.pfb></usr/share/texlive/texmf-dist/fonts
/type1/public/amsfonts/cm/cmtt12.pfb>
Output written on assignmentReport2.pdf (20 pages, 12993746 bytes).
PDF statistics:
 701 PDF objects out of 1000 (max. 8388607)
 582 compressed objects within 6 object streams
 350 named destinations out of 1000 (max. 500000)
 581 words of extra memory for PDF output out of 10000 (max. 10000000)

